{
    "datetime": "2026-02-28T12:57:26+00:00",
    "org_id": 12,
    "conn_id": "db30ee556d14f30f191dcdf524368223",
    "api_key": "43d0415d9e34d1c2c1923f85ed6160fdc9cd3394391370d8bf4d01539a142f11",
    "data": {
        "id": "l:1443234457586103",
        "created_time": "2026-02-26T02:27:50-05:00",
        "ad_id": "ag:120241830699960287",
        "ad_name": "TA_ADS_V-02",
        "adset_id": "as:120241830699970287",
        "adset_name": "Students",
        "campaign_id": "c:120241830699950287",
        "campaign_name": "DF_Tech_Ara_Leads_Feb_26",
        "form_id": "f:4151685275094243",
        "form_name": "Techara_Students",
        "is_organic": "false",
        "platform": "ig",
        "full_name": "Monisha Thiru Moni",
        "email": "tamizhiniyantamizh29@gmail.com",
        "phone_number": "p:+919363671780",
        "city": "Dharmapuri",
        "lead_status": "CREATED",
        "crm_status": ""
    },
    "raw": "{\"id\":\"l:1443234457586103\",\"created_time\":\"2026-02-26T02:27:50-05:00\",\"ad_id\":\"ag:120241830699960287\",\"ad_name\":\"TA_ADS_V-02\",\"adset_id\":\"as:120241830699970287\",\"adset_name\":\"Students\",\"campaign_id\":\"c:120241830699950287\",\"campaign_name\":\"DF_Tech_Ara_Leads_Feb_26\",\"form_id\":\"f:4151685275094243\",\"form_name\":\"Techara_Students\",\"is_organic\":\"false\",\"platform\":\"ig\",\"full_name\":\"Monisha Thiru Moni\",\"email\":\"tamizhiniyantamizh29@gmail.com\",\"phone_number\":\"p:+919363671780\",\"city\":\"Dharmapuri\",\"lead_status\":\"CREATED\",\"crm_status\":\"\"}",
    "server": {
        "LSPHP_ProcessGroup": "on",
        "PATH": "\/usr\/local\/bin:\/bin:\/usr\/bin",
        "HTTP_ACCEPT_ENCODING": "gzip, br",
        "CONTENT_TYPE": "application\/json",
        "CONTENT_LENGTH": "531",
        "HTTP_HOST": "crm.zingbot.io",
        "HTTP_USER_AGENT": "Mozilla\/5.0 (compatible; Google-Apps-Script; beanserver; +https:\/\/script.google.com; id: UAEmdDd866qoLx0SxoDNSVQZFMKbeRqpV6Q)",
        "HTTP_X_FORWARDED_FOR": "35.187.134.101",
        "HTTP_CF_RAY": "9d5016760a3af7bc-ATL",
        "HTTP_X_FORWARDED_PROTO": "https",
        "HTTP_CDN_LOOP": "cloudflare; loops=1",
        "HTTP_CF_CONNECTING_IP": "35.187.134.101",
        "HTTP_CF_IPCOUNTRY": "US",
        "HTTP_CF_VISITOR": "{\"scheme\":\"https\"}",
        "DOCUMENT_ROOT": "\/home\/u218702675\/domains\/crm.zingbot.io\/public_html",
        "REMOTE_ADDR": "35.187.134.101",
        "REMOTE_PORT": "9650",
        "SERVER_ADDR": "91.108.107.48",
        "SERVER_NAME": "crm.zingbot.io",
        "SERVER_ADMIN": "",
        "SERVER_PORT": "443",
        "REQUEST_SCHEME": "https",
        "REQUEST_URI": "\/api\/external\/webhook_receiver_dynamic.php?org_id=12&conn_id=db30ee556d14f30f191dcdf524368223&api_key=43d0415d9e34d1c2c1923f85ed6160fdc9cd3394391370d8bf4d01539a142f11",
        "PROXY_REMOTE_ADDR": "104.23.245.147",
        "FRONTEND_CDN": "CF",
        "HTTPS": "on",
        "CRAWLER_USLEEP": "1000",
        "CRAWLER_LOAD_LIMIT_ENFORCE": "25",
        "H_PLATFORM": "Hostinger",
        "H_TYPE": "shared",
        "H_CANARY": "false",
        "H_STAGING": "false",
        "ratelimited_meta_externalagent": "1",
        "UNIQUE_ID": "14uY95bdACvtBGGa5l2nM4RO",
        "X_SPDY": "HTTP2",
        "SSL_PROTOCOL": "TLSv1.3",
        "SSL_CIPHER": "TLS_AES_128_GCM_SHA256",
        "SSL_CIPHER_USEKEYSIZE": "128",
        "SSL_CIPHER_ALGKEYSIZE": "128",
        "SCRIPT_FILENAME": "\/home\/u218702675\/domains\/crm.zingbot.io\/public_html\/api\/external\/webhook_receiver_dynamic.php",
        "QUERY_STRING": "org_id=12&conn_id=db30ee556d14f30f191dcdf524368223&api_key=43d0415d9e34d1c2c1923f85ed6160fdc9cd3394391370d8bf4d01539a142f11",
        "SCRIPT_URI": "https:\/\/crm.zingbot.io\/api\/external\/webhook_receiver_dynamic.php",
        "SCRIPT_URL": "\/api\/external\/webhook_receiver_dynamic.php",
        "SCRIPT_NAME": "\/api\/external\/webhook_receiver_dynamic.php",
        "SERVER_PROTOCOL": "HTTP\/1.1",
        "SERVER_SOFTWARE": "LiteSpeed",
        "REQUEST_METHOD": "POST",
        "X-LSCACHE": "on,crawler,esi,combine",
        "PHP_SELF": "\/api\/external\/webhook_receiver_dynamic.php",
        "REQUEST_TIME_FLOAT": 1772283446.88067,
        "REQUEST_TIME": 1772283446,
        "APP_ENV": "production",
        "APP_URL": "https:\/\/crm.zingbot.io",
        "PROJECT_ROOT": "",
        "DB_HOST": "localhost",
        "DB_NAME": "u218702675_crmfinal",
        "DB_USER": "u218702675_crmfinal",
        "DB_PASS": "Digi2025#",
        "RAZORPAY_KEY_ID": "rzp_live_SJbdrFprulNq1x",
        "RAZORPAY_KEY_SECRET": "wEtQV8qS3l8Wun8WtDNRrdpQ",
        "ADMIN_PASSWORD": "admin123"
    }
}