{
    "datetime": "2026-03-02T10:33:27+00:00",
    "org_id": 12,
    "conn_id": "db30ee556d14f30f191dcdf524368223",
    "api_key": "43d0415d9e34d1c2c1923f85ed6160fdc9cd3394391370d8bf4d01539a142f11",
    "data": {
        "id": "25904068755941052",
        "created_time": "Sun Mar 01 2026 05:30:00 GMT+0530 (India Standard Time)",
        "ad_id": "120242029858710287",
        "ad_name": "TA_FEB_Testimonial_V 02_N_V 01",
        "adset_id": "120241830699970287",
        "adset_name": "Students",
        "campaign_id": "120241830699950287",
        "campaign_name": "DF_Tech_Ara_Leads_Feb_26",
        "form_id": "4151685275094243",
        "form_name": "Techara_Students",
        "is_organic": "",
        "platform": "fb",
        "full_name": "Yuvarajthangamuthu",
        "email": "yuvarajthangamuthu1@gmail.com",
        "phone_number": "919488021781",
        "city": "Perundurai",
        "lead_status": "",
        "crm_status": ""
    },
    "raw": "{\"id\":\"25904068755941052\",\"created_time\":\"Sun Mar 01 2026 05:30:00 GMT+0530 (India Standard Time)\",\"ad_id\":\"120242029858710287\",\"ad_name\":\"TA_FEB_Testimonial_V 02_N_V 01\",\"adset_id\":\"120241830699970287\",\"adset_name\":\"Students\",\"campaign_id\":\"120241830699950287\",\"campaign_name\":\"DF_Tech_Ara_Leads_Feb_26\",\"form_id\":\"4151685275094243\",\"form_name\":\"Techara_Students\",\"is_organic\":\"\",\"platform\":\"fb\",\"full_name\":\"Yuvarajthangamuthu\",\"email\":\"yuvarajthangamuthu1@gmail.com\",\"phone_number\":\"919488021781\",\"city\":\"Perundurai\",\"lead_status\":\"\",\"crm_status\":\"\"}",
    "server": {
        "LSPHP_ProcessGroup": "on",
        "PATH": "\/usr\/local\/bin:\/bin:\/usr\/bin",
        "HTTP_ACCEPT_ENCODING": "gzip, br",
        "CONTENT_TYPE": "application\/json",
        "CONTENT_LENGTH": "553",
        "HTTP_HOST": "crm.zingbot.io",
        "HTTP_USER_AGENT": "Mozilla\/5.0 (compatible; Google-Apps-Script; beanserver; +https:\/\/script.google.com; id: UAEmdDd866qoLx0SxoDNSVQZFMKbeRqpV6Q)",
        "HTTP_X_FORWARDED_FOR": "34.116.21.2",
        "HTTP_CF_RAY": "9d5fbe488a38391c-IAD",
        "HTTP_X_FORWARDED_PROTO": "https",
        "HTTP_CDN_LOOP": "cloudflare; loops=1",
        "HTTP_CF_CONNECTING_IP": "34.116.21.2",
        "HTTP_CF_IPCOUNTRY": "US",
        "HTTP_CF_VISITOR": "{\"scheme\":\"https\"}",
        "DOCUMENT_ROOT": "\/home\/u218702675\/domains\/crm.zingbot.io\/public_html",
        "REMOTE_ADDR": "34.116.21.2",
        "REMOTE_PORT": "13801",
        "SERVER_ADDR": "91.108.107.48",
        "SERVER_NAME": "crm.zingbot.io",
        "SERVER_ADMIN": "",
        "SERVER_PORT": "443",
        "REQUEST_SCHEME": "https",
        "REQUEST_URI": "\/api\/external\/webhook_receiver_dynamic.php?org_id=12&conn_id=db30ee556d14f30f191dcdf524368223&api_key=43d0415d9e34d1c2c1923f85ed6160fdc9cd3394391370d8bf4d01539a142f11",
        "PROXY_REMOTE_ADDR": "172.68.138.158",
        "FRONTEND_CDN": "CF",
        "HTTPS": "on",
        "CRAWLER_USLEEP": "1000",
        "CRAWLER_LOAD_LIMIT_ENFORCE": "25",
        "H_PLATFORM": "Hostinger",
        "H_TYPE": "shared",
        "H_CANARY": "false",
        "H_STAGING": "false",
        "ratelimited_meta_externalagent": "1",
        "UNIQUE_ID": "Y0jVZbj2OrIqE0pLoUrubWB7",
        "X_SPDY": "HTTP2",
        "SSL_PROTOCOL": "TLSv1.3",
        "SSL_CIPHER": "TLS_AES_128_GCM_SHA256",
        "SSL_CIPHER_USEKEYSIZE": "128",
        "SSL_CIPHER_ALGKEYSIZE": "128",
        "SCRIPT_FILENAME": "\/home\/u218702675\/domains\/crm.zingbot.io\/public_html\/api\/external\/webhook_receiver_dynamic.php",
        "QUERY_STRING": "org_id=12&conn_id=db30ee556d14f30f191dcdf524368223&api_key=43d0415d9e34d1c2c1923f85ed6160fdc9cd3394391370d8bf4d01539a142f11",
        "SCRIPT_URI": "https:\/\/crm.zingbot.io\/api\/external\/webhook_receiver_dynamic.php",
        "SCRIPT_URL": "\/api\/external\/webhook_receiver_dynamic.php",
        "SCRIPT_NAME": "\/api\/external\/webhook_receiver_dynamic.php",
        "SERVER_PROTOCOL": "HTTP\/1.1",
        "SERVER_SOFTWARE": "LiteSpeed",
        "REQUEST_METHOD": "POST",
        "X-LSCACHE": "on,crawler,esi,combine",
        "PHP_SELF": "\/api\/external\/webhook_receiver_dynamic.php",
        "REQUEST_TIME_FLOAT": 1772447607.268264,
        "REQUEST_TIME": 1772447607,
        "APP_ENV": "production",
        "APP_URL": "https:\/\/crm.zingbot.io",
        "PROJECT_ROOT": "",
        "DB_HOST": "localhost",
        "DB_NAME": "u218702675_crmfinal",
        "DB_USER": "u218702675_crmfinal",
        "DB_PASS": "Digi2025#",
        "RAZORPAY_KEY_ID": "rzp_live_SJbdrFprulNq1x",
        "RAZORPAY_KEY_SECRET": "wEtQV8qS3l8Wun8WtDNRrdpQ",
        "ADMIN_PASSWORD": "admin123"
    }
}