{
    "datetime": "2026-05-30T08:48:47+00:00",
    "org_id": 10,
    "conn_id": "f1ee86f3deec4c5c5304ac1176d6c460",
    "api_key": "1e3d1ca5c5fe8226550f05824b3b9b83c152dafc4ccb665f30bb798693671fd4",
    "data": {
        "name": "Vani sundar",
        "number": "9952737883",
        "email": "vanisundar.vasu@gmail.com",
        "company": "Food creator",
        "city": "Tirunelveli",
        "business_type": "Hi Vani sundar \nI came across your page through a friend and would love to connect.\nI\u2019m Chef Vani, \nMasterChef India Tamil 2024 first Runner-Up, food creator.. \n\nI regularly create easy recipe, food, dessert content on Instagram.\nI would be interested in collaborating on relevant brand campaigns and would love to be added to your creator database for future opportunities.\nPlease let me know if you need my media kit, profile insights, or rate card.\nLooking forward to working with you.",
        "source": "Instagram"
    },
    "raw": "{\"name\":\"Vani sundar\",\"number\":\"9952737883\",\"email\":\"vanisundar.vasu@gmail.com\",\"company\":\"Food creator\",\"city\":\"Tirunelveli\",\"business_type\":\"Hi Vani sundar \\nI came across your page through a friend and would love to connect.\\nI\u2019m Chef Vani, \\nMasterChef India Tamil 2024 first Runner-Up, food creator.. \\n\\nI regularly create easy recipe, food, dessert content on Instagram.\\nI would be interested in collaborating on relevant brand campaigns and would love to be added to your creator database for future opportunities.\\nPlease let me know if you need my media kit, profile insights, or rate card.\\nLooking forward to working with you.\",\"source\":\"Instagram\"}",
    "server": {
        "LSPHP_ProcessGroup": "on",
        "PATH": "\/usr\/local\/bin:\/bin:\/usr\/bin",
        "HTTP_ACCEPT_ENCODING": "gzip, br",
        "CONTENT_TYPE": "application\/json",
        "CONTENT_LENGTH": "664",
        "HTTP_HOST": "crm.zingbot.io",
        "HTTP_USER_AGENT": "Mozilla\/5.0 (compatible; Google-Apps-Script; beanserver; +https:\/\/script.google.com; id: UAEmdDd92lUgU4bsOkqSV0l7HSSC6hpxwlw)",
        "HTTP_X_FORWARDED_FOR": "107.178.193.130",
        "HTTP_CF_RAY": "a03c7b53cf6fbe12-ATL",
        "HTTP_X_FORWARDED_PROTO": "https",
        "HTTP_CDN_LOOP": "cloudflare; loops=1",
        "HTTP_CF_CONNECTING_IP": "107.178.193.130",
        "HTTP_CF_IPCOUNTRY": "US",
        "HTTP_CF_VISITOR": "{\"scheme\":\"https\"}",
        "DOCUMENT_ROOT": "\/home\/u218702675\/domains\/crm.zingbot.io\/public_html",
        "REMOTE_ADDR": "107.178.193.130",
        "REMOTE_PORT": "11283",
        "SERVER_ADDR": "91.108.107.48",
        "SERVER_NAME": "crm.zingbot.io",
        "SERVER_ADMIN": "",
        "SERVER_PORT": "443",
        "REQUEST_SCHEME": "https",
        "REQUEST_URI": "\/api\/external\/webhook_receiver_dynamic.php?org_id=10&conn_id=f1ee86f3deec4c5c5304ac1176d6c460&api_key=1e3d1ca5c5fe8226550f05824b3b9b83c152dafc4ccb665f30bb798693671fd4",
        "PROXY_REMOTE_ADDR": "104.22.56.128",
        "FRONTEND_CDN": "CF",
        "HTTPS": "on",
        "CRAWLER_USLEEP": "1000",
        "CRAWLER_LOAD_LIMIT_ENFORCE": "25",
        "H_PLATFORM": "Hostinger",
        "H_TYPE": "shared",
        "H_CANARY": "false",
        "H_STAGING": "false",
        "ratelimited_meta_externalagent": "1",
        "ratelimited_gptbot": "1",
        "ratelimited_chrome_88": "1",
        "X_SPDY": "HTTP2",
        "SSL_PROTOCOL": "TLSv1.3",
        "SSL_CIPHER": "TLS_AES_128_GCM_SHA256",
        "SSL_CIPHER_USEKEYSIZE": "128",
        "SSL_CIPHER_ALGKEYSIZE": "128",
        "SCRIPT_FILENAME": "\/home\/u218702675\/domains\/crm.zingbot.io\/public_html\/api\/external\/webhook_receiver_dynamic.php",
        "QUERY_STRING": "org_id=10&conn_id=f1ee86f3deec4c5c5304ac1176d6c460&api_key=1e3d1ca5c5fe8226550f05824b3b9b83c152dafc4ccb665f30bb798693671fd4",
        "SCRIPT_URI": "https:\/\/crm.zingbot.io\/api\/external\/webhook_receiver_dynamic.php",
        "SCRIPT_URL": "\/api\/external\/webhook_receiver_dynamic.php",
        "SCRIPT_NAME": "\/api\/external\/webhook_receiver_dynamic.php",
        "SERVER_PROTOCOL": "HTTP\/1.1",
        "SERVER_SOFTWARE": "LiteSpeed",
        "REQUEST_METHOD": "POST",
        "X-LSCACHE": "on,crawler,esi,combine",
        "PHP_SELF": "\/api\/external\/webhook_receiver_dynamic.php",
        "REQUEST_TIME_FLOAT": 1780130927.482102,
        "REQUEST_TIME": 1780130927,
        "APP_ENV": "production",
        "APP_URL": "https:\/\/crm.zingbot.io\/",
        "PROJECT_ROOT": "",
        "DB_HOST": "localhost",
        "DB_NAME": "u218702675_crmfinal",
        "DB_USER": "u218702675_crmfinal",
        "DB_PASS": "Digi2025#",
        "RAZORPAY_KEY_ID": "rzp_live_SJbdrFprulNq1x",
        "RAZORPAY_KEY_SECRET": "wEtQV8qS3l8Wun8WtDNRrdpQ",
        "ADMIN_PASSWORD": "admin123"
    }
}