{
    "datetime": "2026-05-18T06:04:53+00:00",
    "org_id": 10,
    "conn_id": "47674d8c390bb72696198f81797f238f",
    "api_key": "1e3d1ca5c5fe8226550f05824b3b9b83c152dafc4ccb665f30bb798693671fd4",
    "data": {
        "id": "75",
        "full_name": "Baskar",
        "email": "shyamshankar1110@gmail.com",
        "phone": "8056830283",
        "company": "Brosandbeyond",
        "budget": "50k-1l",
        "website": "",
        "message": "I am interested in: Digital Marketing, D2C Sale.",
        "ip_address": "2409:40f4:20a4:7f0:3fae:fd21:a2c4:c238",
        "user_agent": "Mozilla\/5.0 (Linux; Android 15; I2214 Build\/AP3A.240905.015.A2; wv) AppleWebKit\/537.36 (KHTML, like Gecko) Version\/4.0 Chrome\/148.0.7778.160 Mobile Safari\/537.36 Instagram 429.1.0.44.70 Android (35\/15; 440dpi; 1080x2400; vivo\/iQOO; I2214; I2214; mt6895; en_US; 968419384; IABMV\/1)",
        "submitted_at": "2026-05-18 06:04:53"
    },
    "raw": "{\"id\":\"75\",\"full_name\":\"Baskar\",\"email\":\"shyamshankar1110@gmail.com\",\"phone\":\"8056830283\",\"company\":\"Brosandbeyond\",\"budget\":\"50k-1l\",\"website\":\"\",\"message\":\"I am interested in: Digital Marketing, D2C Sale.\",\"ip_address\":\"2409:40f4:20a4:7f0:3fae:fd21:a2c4:c238\",\"user_agent\":\"Mozilla\\\/5.0 (Linux; Android 15; I2214 Build\\\/AP3A.240905.015.A2; wv) AppleWebKit\\\/537.36 (KHTML, like Gecko) Version\\\/4.0 Chrome\\\/148.0.7778.160 Mobile Safari\\\/537.36 Instagram 429.1.0.44.70 Android (35\\\/15; 440dpi; 1080x2400; vivo\\\/iQOO; I2214; I2214; mt6895; en_US; 968419384; IABMV\\\/1)\",\"submitted_at\":\"2026-05-18 06:04:53\"}",
    "server": {
        "LSPHP_ProcessGroup": "on",
        "PATH": "\/usr\/local\/bin:\/bin:\/usr\/bin",
        "HTTP_ACCEPT": "*\/*",
        "HTTP_ACCEPT_ENCODING": "gzip, br",
        "CONTENT_TYPE": "application\/json",
        "CONTENT_LENGTH": "604",
        "HTTP_HOST": "crm.zingbot.io",
        "HTTP_X_FORWARDED_FOR": "2a02:4780:11:1508:0:d09:2353:1",
        "HTTP_CF_RAY": "9fd8aac3cecccf40-BOM",
        "HTTP_CDN_LOOP": "cloudflare; loops=1",
        "HTTP_CF_CONNECTING_IP": "2a02:4780:11:1508:0:d09:2353:1",
        "HTTP_CF_IPCOUNTRY": "IN",
        "HTTP_CF_VISITOR": "{\"scheme\":\"https\"}",
        "HTTP_X_FORWARDED_PROTO": "https",
        "DOCUMENT_ROOT": "\/home\/u218702675\/domains\/crm.zingbot.io\/public_html",
        "REMOTE_ADDR": "2a02:4780:11:1508:0:d09:2353:1",
        "REMOTE_PORT": "10675",
        "SERVER_ADDR": "91.108.107.48",
        "SERVER_NAME": "crm.zingbot.io",
        "SERVER_ADMIN": "",
        "SERVER_PORT": "443",
        "REQUEST_SCHEME": "https",
        "REQUEST_URI": "\/api\/external\/webhook_receiver_dynamic.php?org_id=10&conn_id=47674d8c390bb72696198f81797f238f&api_key=1e3d1ca5c5fe8226550f05824b3b9b83c152dafc4ccb665f30bb798693671fd4",
        "PROXY_REMOTE_ADDR": "172.71.198.136",
        "FRONTEND_CDN": "CF",
        "HTTPS": "on",
        "CRAWLER_USLEEP": "1000",
        "CRAWLER_LOAD_LIMIT_ENFORCE": "25",
        "H_PLATFORM": "Hostinger",
        "H_TYPE": "shared",
        "H_CANARY": "false",
        "H_STAGING": "false",
        "ratelimited_meta_externalagent": "1",
        "X_SPDY": "HTTP2",
        "SSL_PROTOCOL": "TLSv1.3",
        "SSL_CIPHER": "TLS_AES_128_GCM_SHA256",
        "SSL_CIPHER_USEKEYSIZE": "128",
        "SSL_CIPHER_ALGKEYSIZE": "128",
        "SCRIPT_FILENAME": "\/home\/u218702675\/domains\/crm.zingbot.io\/public_html\/api\/external\/webhook_receiver_dynamic.php",
        "QUERY_STRING": "org_id=10&conn_id=47674d8c390bb72696198f81797f238f&api_key=1e3d1ca5c5fe8226550f05824b3b9b83c152dafc4ccb665f30bb798693671fd4",
        "SCRIPT_URI": "https:\/\/crm.zingbot.io\/api\/external\/webhook_receiver_dynamic.php",
        "SCRIPT_URL": "\/api\/external\/webhook_receiver_dynamic.php",
        "SCRIPT_NAME": "\/api\/external\/webhook_receiver_dynamic.php",
        "SERVER_PROTOCOL": "HTTP\/1.1",
        "SERVER_SOFTWARE": "LiteSpeed",
        "REQUEST_METHOD": "POST",
        "X-LSCACHE": "on,crawler,esi,combine",
        "PHP_SELF": "\/api\/external\/webhook_receiver_dynamic.php",
        "REQUEST_TIME_FLOAT": 1779084293.863866,
        "REQUEST_TIME": 1779084293,
        "APP_ENV": "production",
        "APP_URL": "https:\/\/crm.zingbot.io\/",
        "PROJECT_ROOT": "",
        "DB_HOST": "localhost",
        "DB_NAME": "u218702675_crmfinal",
        "DB_USER": "u218702675_crmfinal",
        "DB_PASS": "Digi2025#",
        "RAZORPAY_KEY_ID": "rzp_live_SJbdrFprulNq1x",
        "RAZORPAY_KEY_SECRET": "wEtQV8qS3l8Wun8WtDNRrdpQ",
        "ADMIN_PASSWORD": "admin123"
    }
}