{
    "datetime": "2025-12-30T10:50:25+00:00",
    "org_id": 3,
    "conn_id": "755a9996fdc5863825574f27418b9d67",
    "api_key": "9a817000fb87db274f6519a24dc5c4af53cab9209fb3615f2703d34a60027c58",
    "data": {
        "platform": "fb",
        "what_type_of_business_are_you_into?_": "product-based",
        "1.what_type_of_business_setup_do_you_have?_": "_both",
        "Name": "Daniel Raj",
        "first name": "Daniel",
        "last name": "Raj",
        "phone": "p:+917373737254",
        "email": "starmaxdeals@gmail.com",
        "company_name": "Starmax Traders",
        "city": "Thoothukudi",
        "inbox_url": "https:\/\/business.facebook.com\/latest\/25853212920958569?nav_ref=thread_view_by_psid",
        "Notes": "CBL",
        "Notes 1 ": "RNR",
        "notes 2 ": "RNR",
        "notes 3 ": "cosmetic products ",
        "notes 4 ": "tomo gmeet ",
        "notes 5": "3PM meet"
    },
    "raw": "{\"platform\":\"fb\",\"what_type_of_business_are_you_into?_\":\"product-based\",\"1.what_type_of_business_setup_do_you_have?_\":\"_both\",\"Name\":\"Daniel Raj\",\"first name\":\"Daniel\",\"last name\":\"Raj\",\"phone\":\"p:+917373737254\",\"email\":\"starmaxdeals@gmail.com\",\"company_name\":\"Starmax Traders\",\"city\":\"Thoothukudi\",\"inbox_url\":\"https:\/\/business.facebook.com\/latest\/25853212920958569?nav_ref=thread_view_by_psid\",\"Notes\":\"CBL\",\"Notes 1 \":\"RNR\",\"notes 2 \":\"RNR\",\"notes 3 \":\"cosmetic products \",\"notes 4 \":\"tomo gmeet \",\"notes 5\":\"3PM meet\"}",
    "server": {
        "LSPHP_ProcessGroup": "on",
        "PATH": "\/usr\/local\/bin:\/bin:\/usr\/bin",
        "HTTP_ACCEPT_ENCODING": "gzip, br",
        "CONTENT_TYPE": "application\/json",
        "CONTENT_LENGTH": "522",
        "HTTP_HOST": "crm.zingbot.io",
        "HTTP_USER_AGENT": "Mozilla\/5.0 (compatible; Google-Apps-Script; beanserver; +https:\/\/script.google.com; id: UAEmdDd8NOfMJo3SJDGSKvTk7qGVnLdXr3Ao)",
        "HTTP_X_FORWARDED_FOR": "103.224.32.237,34.116.22.3",
        "HTTP_X_FORWARDED_PROTO": "https",
        "HTTP_CF_RAY": "9b60f9e21b034572-ATL",
        "HTTP_CF_VISITOR": "{\"scheme\":\"https\"}",
        "HTTP_CDN_LOOP": "cloudflare; loops=1",
        "HTTP_CF_CONNECTING_IP": "34.116.22.3",
        "HTTP_CF_IPCOUNTRY": "US",
        "DOCUMENT_ROOT": "\/home\/u218702675\/domains\/crm.zingbot.io\/public_html",
        "REMOTE_ADDR": "34.116.22.3",
        "REMOTE_PORT": "9399",
        "SERVER_ADDR": "91.108.107.48",
        "SERVER_NAME": "crm.zingbot.io",
        "SERVER_ADMIN": "",
        "SERVER_PORT": "443",
        "REQUEST_SCHEME": "https",
        "REQUEST_URI": "\/api\/external\/webhook_receiver_dynamic.php?org_id=3&conn_id=755a9996fdc5863825574f27418b9d67&api_key=9a817000fb87db274f6519a24dc5c4af53cab9209fb3615f2703d34a60027c58",
        "PROXY_REMOTE_ADDR": "172.69.70.245",
        "FRONTEND_CDN": "CF",
        "HTTPS": "on",
        "CRAWLER_USLEEP": "1000",
        "CRAWLER_LOAD_LIMIT_ENFORCE": "25",
        "H_PLATFORM": "Hostinger",
        "H_TYPE": "shared",
        "H_CANARY": "false",
        "H_STAGING": "false",
        "UNIQUE_ID": "LaTDsMT8mX5g7iZ7UY4Gan7r",
        "X_SPDY": "HTTP2",
        "SSL_PROTOCOL": "TLSv1.3",
        "SSL_CIPHER": "TLS_AES_128_GCM_SHA256",
        "SSL_CIPHER_USEKEYSIZE": "128",
        "SSL_CIPHER_ALGKEYSIZE": "128",
        "SCRIPT_FILENAME": "\/home\/u218702675\/domains\/crm.zingbot.io\/public_html\/api\/external\/webhook_receiver_dynamic.php",
        "QUERY_STRING": "org_id=3&conn_id=755a9996fdc5863825574f27418b9d67&api_key=9a817000fb87db274f6519a24dc5c4af53cab9209fb3615f2703d34a60027c58",
        "SCRIPT_URI": "https:\/\/crm.zingbot.io\/api\/external\/webhook_receiver_dynamic.php",
        "SCRIPT_URL": "\/api\/external\/webhook_receiver_dynamic.php",
        "SCRIPT_NAME": "\/api\/external\/webhook_receiver_dynamic.php",
        "SERVER_PROTOCOL": "HTTP\/1.1",
        "SERVER_SOFTWARE": "LiteSpeed",
        "REQUEST_METHOD": "POST",
        "X-LSCACHE": "on,crawler,esi,combine",
        "PHP_SELF": "\/api\/external\/webhook_receiver_dynamic.php",
        "REQUEST_TIME_FLOAT": 1767091825.120353,
        "REQUEST_TIME": 1767091825
    }
}