{
    "datetime": "2026-04-12T14:23:33+00:00",
    "org_id": 12,
    "conn_id": "ba0b250016c6c2e22da039c8488b17a1",
    "api_key": "43d0415d9e34d1c2c1923f85ed6160fdc9cd3394391370d8bf4d01539a142f11",
    "data": {
        "id": "l:972153788608602",
        "created_time": "2026-04-11T09:52:36-05:00",
        "ad_id": "ag:120244177731260287",
        "ad_name": "Market",
        "adset_id": "as:120244177731250287",
        "adset_name": "Adv plus",
        "campaign_id": "c:120244177731230287",
        "campaign_name": "DF_TA_Crypto_Leads_New_Apr'26",
        "form_id": "f:26290728763888287",
        "form_name": "Techara_Leads",
        "is_organic": "false",
        "platform": "ig",
        "full_name": "s_h_i_z_u_k_a_a_",
        "email": "ramankrishna2005@gmail.com",
        "phone_number": "p:+916383387866",
        "city": "Kombai",
        "lead_status": "CREATED",
        "crm_status": ""
    },
    "raw": "{\"id\":\"l:972153788608602\",\"created_time\":\"2026-04-11T09:52:36-05:00\",\"ad_id\":\"ag:120244177731260287\",\"ad_name\":\"Market\",\"adset_id\":\"as:120244177731250287\",\"adset_name\":\"Adv plus\",\"campaign_id\":\"c:120244177731230287\",\"campaign_name\":\"DF_TA_Crypto_Leads_New_Apr'26\",\"form_id\":\"f:26290728763888287\",\"form_name\":\"Techara_Leads\",\"is_organic\":\"false\",\"platform\":\"ig\",\"full_name\":\"s_h_i_z_u_k_a_a_\",\"email\":\"ramankrishna2005@gmail.com\",\"phone_number\":\"p:+916383387866\",\"city\":\"Kombai\",\"lead_status\":\"CREATED\",\"crm_status\":\"\"}",
    "server": {
        "LSPHP_ProcessGroup": "on",
        "PATH": "\/usr\/local\/bin:\/bin:\/usr\/bin",
        "HTTP_ACCEPT_ENCODING": "gzip, br",
        "CONTENT_TYPE": "application\/json",
        "CONTENT_LENGTH": "518",
        "HTTP_HOST": "crm.zingbot.io",
        "HTTP_USER_AGENT": "Mozilla\/5.0 (compatible; Google-Apps-Script; beanserver; +https:\/\/script.google.com; id: UAEmdDd866qoLx0SxoDNSVQZFMKbeRqpV6Q)",
        "HTTP_X_FORWARDED_FOR": "2405:201:e015:cf:8119:9eba:45dd:3204,107.178.193.130",
        "HTTP_X_FORWARDED_PROTO": "https",
        "HTTP_CF_RAY": "9eb2e3b6be1f4f67-ATL",
        "HTTP_CF_VISITOR": "{\"scheme\":\"https\"}",
        "HTTP_CDN_LOOP": "cloudflare; loops=1",
        "HTTP_CF_CONNECTING_IP": "107.178.193.130",
        "HTTP_CF_IPCOUNTRY": "US",
        "DOCUMENT_ROOT": "\/home\/u218702675\/domains\/crm.zingbot.io\/public_html",
        "REMOTE_ADDR": "107.178.193.130",
        "REMOTE_PORT": "11969",
        "SERVER_ADDR": "91.108.107.48",
        "SERVER_NAME": "crm.zingbot.io",
        "SERVER_ADMIN": "",
        "SERVER_PORT": "443",
        "REQUEST_SCHEME": "https",
        "REQUEST_URI": "\/api\/external\/webhook_receiver_dynamic.php?org_id=12&conn_id=ba0b250016c6c2e22da039c8488b17a1&api_key=43d0415d9e34d1c2c1923f85ed6160fdc9cd3394391370d8bf4d01539a142f11",
        "PROXY_REMOTE_ADDR": "104.22.56.129",
        "FRONTEND_CDN": "CF",
        "HTTPS": "on",
        "CRAWLER_USLEEP": "1000",
        "CRAWLER_LOAD_LIMIT_ENFORCE": "25",
        "H_PLATFORM": "Hostinger",
        "H_TYPE": "shared",
        "H_CANARY": "false",
        "H_STAGING": "false",
        "ratelimited_meta_externalagent": "1",
        "X_SPDY": "HTTP2",
        "SSL_PROTOCOL": "TLSv1.3",
        "SSL_CIPHER": "TLS_AES_128_GCM_SHA256",
        "SSL_CIPHER_USEKEYSIZE": "128",
        "SSL_CIPHER_ALGKEYSIZE": "128",
        "SCRIPT_FILENAME": "\/home\/u218702675\/domains\/crm.zingbot.io\/public_html\/api\/external\/webhook_receiver_dynamic.php",
        "QUERY_STRING": "org_id=12&conn_id=ba0b250016c6c2e22da039c8488b17a1&api_key=43d0415d9e34d1c2c1923f85ed6160fdc9cd3394391370d8bf4d01539a142f11",
        "SCRIPT_URI": "https:\/\/crm.zingbot.io\/api\/external\/webhook_receiver_dynamic.php",
        "SCRIPT_URL": "\/api\/external\/webhook_receiver_dynamic.php",
        "SCRIPT_NAME": "\/api\/external\/webhook_receiver_dynamic.php",
        "SERVER_PROTOCOL": "HTTP\/1.1",
        "SERVER_SOFTWARE": "LiteSpeed",
        "REQUEST_METHOD": "POST",
        "X-LSCACHE": "on,crawler,esi,combine",
        "PHP_SELF": "\/api\/external\/webhook_receiver_dynamic.php",
        "REQUEST_TIME_FLOAT": 1776003813.100598,
        "REQUEST_TIME": 1776003813,
        "APP_ENV": "production",
        "APP_URL": "https:\/\/crm.zingbot.io",
        "PROJECT_ROOT": "",
        "DB_HOST": "localhost",
        "DB_NAME": "u218702675_crmfinal",
        "DB_USER": "u218702675_crmfinal",
        "DB_PASS": "Digi2025#",
        "RAZORPAY_KEY_ID": "rzp_live_SJbdrFprulNq1x",
        "RAZORPAY_KEY_SECRET": "wEtQV8qS3l8Wun8WtDNRrdpQ",
        "ADMIN_PASSWORD": "admin123"
    }
}