{
    "datetime": "2026-04-03T07:23:02+00:00",
    "org_id": 12,
    "conn_id": "fcc267ed32e9bac73892e51058a3e14f",
    "api_key": "43d0415d9e34d1c2c1923f85ed6160fdc9cd3394391370d8bf4d01539a142f11",
    "data": {
        "id": "l:1293079446035102",
        "created_time": "2026-04-03T02:22:57-05:00",
        "ad_id": "ag:120242731419190287",
        "ad_name": "TECH_ARA_VIDEO_S_v09 3",
        "adset_id": "as:120242731419210287",
        "adset_name": "B2B",
        "campaign_id": "c:120242731419200287",
        "campaign_name": "TA_Leads_B2B_Mar'25",
        "form_id": "f:4363460960647883",
        "form_name": "Techara_B2B_Mar'25",
        "is_organic": "false",
        "platform": "ig",
        "company_name": "Akash Kumar",
        "full_name": "\ua9c1\u0994\u09e3\u2620\u269c\ufe0f\ud80c\udda9a\u0338k\u0338a\u0338s\u0338h\u0338_rao_307\ud83d\udc95\ud80c\uddaa\u2620\u0994\u09e3\ua9c2",
        "email": "kumarakash32262@gmail.com",
        "phone_number": "p:+918295082744",
        "city": "Ak",
        "lead_status": "CREATED",
        "crm_status": ""
    },
    "raw": "{\"id\":\"l:1293079446035102\",\"created_time\":\"2026-04-03T02:22:57-05:00\",\"ad_id\":\"ag:120242731419190287\",\"ad_name\":\"TECH_ARA_VIDEO_S_v09 3\",\"adset_id\":\"as:120242731419210287\",\"adset_name\":\"B2B\",\"campaign_id\":\"c:120242731419200287\",\"campaign_name\":\"TA_Leads_B2B_Mar'25\",\"form_id\":\"f:4363460960647883\",\"form_name\":\"Techara_B2B_Mar'25\",\"is_organic\":\"false\",\"platform\":\"ig\",\"company_name\":\"Akash Kumar\",\"full_name\":\"\ua9c1\u0994\u09e3\u2620\u269c\ufe0f\ud80c\udda9a\u0338k\u0338a\u0338s\u0338h\u0338_rao_307\ud83d\udc95\ud80c\uddaa\u2620\u0994\u09e3\ua9c2\",\"email\":\"kumarakash32262@gmail.com\",\"phone_number\":\"p:+918295082744\",\"city\":\"Ak\",\"lead_status\":\"CREATED\",\"crm_status\":\"\"}",
    "server": {
        "LSPHP_ProcessGroup": "on",
        "PATH": "\/usr\/local\/bin:\/bin:\/usr\/bin",
        "HTTP_ACCEPT_ENCODING": "gzip, br",
        "CONTENT_TYPE": "application\/json",
        "CONTENT_LENGTH": "597",
        "HTTP_HOST": "crm.zingbot.io",
        "HTTP_USER_AGENT": "Mozilla\/5.0 (compatible; Google-Apps-Script; beanserver; +https:\/\/script.google.com; id: UAEmdDd866qoLx0SxoDNSVQZFMKbeRqpV6Q)",
        "HTTP_X_FORWARDED_FOR": "107.178.193.131",
        "HTTP_CF_RAY": "9e66535b1c9ea1cc-ATL",
        "HTTP_X_FORWARDED_PROTO": "https",
        "HTTP_CDN_LOOP": "cloudflare; loops=1",
        "HTTP_CF_CONNECTING_IP": "107.178.193.131",
        "HTTP_CF_IPCOUNTRY": "US",
        "HTTP_CF_VISITOR": "{\"scheme\":\"https\"}",
        "DOCUMENT_ROOT": "\/home\/u218702675\/domains\/crm.zingbot.io\/public_html",
        "REMOTE_ADDR": "107.178.193.131",
        "REMOTE_PORT": "9556",
        "SERVER_ADDR": "91.108.107.48",
        "SERVER_NAME": "crm.zingbot.io",
        "SERVER_ADMIN": "",
        "SERVER_PORT": "443",
        "REQUEST_SCHEME": "https",
        "REQUEST_URI": "\/api\/external\/webhook_receiver_dynamic.php?org_id=12&conn_id=fcc267ed32e9bac73892e51058a3e14f&api_key=43d0415d9e34d1c2c1923f85ed6160fdc9cd3394391370d8bf4d01539a142f11",
        "PROXY_REMOTE_ADDR": "172.71.31.125",
        "FRONTEND_CDN": "CF",
        "HTTPS": "on",
        "CRAWLER_USLEEP": "1000",
        "CRAWLER_LOAD_LIMIT_ENFORCE": "25",
        "H_PLATFORM": "Hostinger",
        "H_TYPE": "shared",
        "H_CANARY": "false",
        "H_STAGING": "false",
        "ratelimited_meta_externalagent": "1",
        "UNIQUE_ID": "1bDunfnsDbEnNAR@xCM4e8JM",
        "X_SPDY": "HTTP2",
        "SSL_PROTOCOL": "TLSv1.3",
        "SSL_CIPHER": "TLS_AES_128_GCM_SHA256",
        "SSL_CIPHER_USEKEYSIZE": "128",
        "SSL_CIPHER_ALGKEYSIZE": "128",
        "SCRIPT_FILENAME": "\/home\/u218702675\/domains\/crm.zingbot.io\/public_html\/api\/external\/webhook_receiver_dynamic.php",
        "QUERY_STRING": "org_id=12&conn_id=fcc267ed32e9bac73892e51058a3e14f&api_key=43d0415d9e34d1c2c1923f85ed6160fdc9cd3394391370d8bf4d01539a142f11",
        "SCRIPT_URI": "https:\/\/crm.zingbot.io\/api\/external\/webhook_receiver_dynamic.php",
        "SCRIPT_URL": "\/api\/external\/webhook_receiver_dynamic.php",
        "SCRIPT_NAME": "\/api\/external\/webhook_receiver_dynamic.php",
        "SERVER_PROTOCOL": "HTTP\/1.1",
        "SERVER_SOFTWARE": "LiteSpeed",
        "REQUEST_METHOD": "POST",
        "X-LSCACHE": "on,crawler,esi,combine",
        "PHP_SELF": "\/api\/external\/webhook_receiver_dynamic.php",
        "REQUEST_TIME_FLOAT": 1775200982.951242,
        "REQUEST_TIME": 1775200982,
        "APP_ENV": "production",
        "APP_URL": "https:\/\/crm.zingbot.io",
        "PROJECT_ROOT": "",
        "DB_HOST": "localhost",
        "DB_NAME": "u218702675_crmfinal",
        "DB_USER": "u218702675_crmfinal",
        "DB_PASS": "Digi2025#",
        "RAZORPAY_KEY_ID": "rzp_live_SJbdrFprulNq1x",
        "RAZORPAY_KEY_SECRET": "wEtQV8qS3l8Wun8WtDNRrdpQ",
        "ADMIN_PASSWORD": "admin123"
    }
}