{
    "datetime": "2026-04-16T12:29:10+00:00",
    "org_id": 10,
    "conn_id": "f1ee86f3deec4c5c5304ac1176d6c460",
    "api_key": "1e3d1ca5c5fe8226550f05824b3b9b83c152dafc4ccb665f30bb798693671fd4",
    "data": {
        "name": "arunjp",
        "number": "7358008404",
        "email": "srivatsaafireworks@gmail.com",
        "company": "Srivatsaafestival",
        "city": "Sivakasi",
        "business_type": "Srivatsaa Industries (Srivatsaa Festival) is a premium, corporate-focused fireworks brand committed to delivering world-class celebration products with uncompromising quality, safety, and innovation. We combine India\u2019s rich festive heritage with modern manufacturing standards, sophisticated packaging, and a strong distribution network to create memorable celebration experiences across the country.\nWe are seeking comprehensive digital marketing services to strengthen our brand presence, expand dealer reach, and drive online engagement across India.",
        "source": "Instagram"
    },
    "raw": "{\"name\":\"arunjp\",\"number\":\"7358008404\",\"email\":\"srivatsaafireworks@gmail.com\",\"company\":\"Srivatsaafestival\",\"city\":\"Sivakasi\",\"business_type\":\"Srivatsaa Industries (Srivatsaa Festival) is a premium, corporate-focused fireworks brand committed to delivering world-class celebration products with uncompromising quality, safety, and innovation. We combine India\u2019s rich festive heritage with modern manufacturing standards, sophisticated packaging, and a strong distribution network to create memorable celebration experiences across the country.\\nWe are seeking comprehensive digital marketing services to strengthen our brand presence, expand dealer reach, and drive online engagement across India.\",\"source\":\"Instagram\"}",
    "server": {
        "LSPHP_ProcessGroup": "on",
        "PATH": "\/usr\/local\/bin:\/bin:\/usr\/bin",
        "HTTP_ACCEPT_ENCODING": "gzip, br",
        "CONTENT_TYPE": "application\/json",
        "CONTENT_LENGTH": "722",
        "HTTP_HOST": "crm.zingbot.io",
        "HTTP_USER_AGENT": "Mozilla\/5.0 (compatible; Google-Apps-Script; beanserver; +https:\/\/script.google.com; id: UAEmdDd92lUgU4bsOkqSV0l7HSSC6hpxwlw)",
        "HTTP_X_FORWARDED_FOR": "107.178.193.128",
        "HTTP_CF_RAY": "9ed331a9aa5c90d8-ATL",
        "HTTP_X_FORWARDED_PROTO": "https",
        "HTTP_CDN_LOOP": "cloudflare; loops=1",
        "HTTP_CF_CONNECTING_IP": "107.178.193.128",
        "HTTP_CF_IPCOUNTRY": "US",
        "HTTP_CF_VISITOR": "{\"scheme\":\"https\"}",
        "DOCUMENT_ROOT": "\/home\/u218702675\/domains\/crm.zingbot.io\/public_html",
        "REMOTE_ADDR": "107.178.193.128",
        "REMOTE_PORT": "13699",
        "SERVER_ADDR": "91.108.107.48",
        "SERVER_NAME": "crm.zingbot.io",
        "SERVER_ADMIN": "",
        "SERVER_PORT": "443",
        "REQUEST_SCHEME": "https",
        "REQUEST_URI": "\/api\/external\/webhook_receiver_dynamic.php?org_id=10&conn_id=f1ee86f3deec4c5c5304ac1176d6c460&api_key=1e3d1ca5c5fe8226550f05824b3b9b83c152dafc4ccb665f30bb798693671fd4",
        "PROXY_REMOTE_ADDR": "104.22.1.214",
        "FRONTEND_CDN": "CF",
        "HTTPS": "on",
        "CRAWLER_USLEEP": "1000",
        "CRAWLER_LOAD_LIMIT_ENFORCE": "25",
        "H_PLATFORM": "Hostinger",
        "H_TYPE": "shared",
        "H_CANARY": "false",
        "H_STAGING": "false",
        "ratelimited_meta_externalagent": "1",
        "ratelimited_gptbot": "1",
        "X_SPDY": "HTTP2",
        "SSL_PROTOCOL": "TLSv1.3",
        "SSL_CIPHER": "TLS_AES_128_GCM_SHA256",
        "SSL_CIPHER_USEKEYSIZE": "128",
        "SSL_CIPHER_ALGKEYSIZE": "128",
        "SCRIPT_FILENAME": "\/home\/u218702675\/domains\/crm.zingbot.io\/public_html\/api\/external\/webhook_receiver_dynamic.php",
        "QUERY_STRING": "org_id=10&conn_id=f1ee86f3deec4c5c5304ac1176d6c460&api_key=1e3d1ca5c5fe8226550f05824b3b9b83c152dafc4ccb665f30bb798693671fd4",
        "SCRIPT_URI": "https:\/\/crm.zingbot.io\/api\/external\/webhook_receiver_dynamic.php",
        "SCRIPT_URL": "\/api\/external\/webhook_receiver_dynamic.php",
        "SCRIPT_NAME": "\/api\/external\/webhook_receiver_dynamic.php",
        "SERVER_PROTOCOL": "HTTP\/1.1",
        "SERVER_SOFTWARE": "LiteSpeed",
        "REQUEST_METHOD": "POST",
        "X-LSCACHE": "on,crawler,esi,combine",
        "PHP_SELF": "\/api\/external\/webhook_receiver_dynamic.php",
        "REQUEST_TIME_FLOAT": 1776342550.173315,
        "REQUEST_TIME": 1776342550,
        "APP_ENV": "production",
        "APP_URL": "https:\/\/crm.zingbot.io",
        "PROJECT_ROOT": "",
        "DB_HOST": "localhost",
        "DB_NAME": "u218702675_crmfinal",
        "DB_USER": "u218702675_crmfinal",
        "DB_PASS": "Digi2025#",
        "RAZORPAY_KEY_ID": "rzp_live_SJbdrFprulNq1x",
        "RAZORPAY_KEY_SECRET": "wEtQV8qS3l8Wun8WtDNRrdpQ",
        "ADMIN_PASSWORD": "admin123"
    }
}