{
    "datetime": "2026-05-16T12:56:47+00:00",
    "org_id": 10,
    "conn_id": "47674d8c390bb72696198f81797f238f",
    "api_key": "1e3d1ca5c5fe8226550f05824b3b9b83c152dafc4ccb665f30bb798693671fd4",
    "data": {
        "id": "74",
        "full_name": "Ponmathi",
        "email": "ponmathi843@gmail.com",
        "phone": "9345859213",
        "company": "Sp nivora naturals",
        "budget": "50k-1l",
        "website": "https:\/\/www.instagram.com\/nivora_naturals?utm_source=qr&igsh=MTY1bHY0OWE5cjUzNA==",
        "message": "I own a natural skincare brand called SP Nivora Naturals. I need high-quality Instagram reel videos and creative content for products like Goat Milk Soap, herbal soaps, shampoos, and skincare products. My goal is to increase Instagram reach, engagement, and sales with luxury cinematic videos and viral-style content targeting Tamil audience.",
        "ip_address": "2401:4900:9403:5edc:ae18:c4b:64c0:5561",
        "user_agent": "Mozilla\/5.0 (Linux; Android 15; RMX3940 Build\/AP3A.240617.008; wv) AppleWebKit\/537.36 (KHTML, like Gecko) Version\/4.0 Chrome\/147.0.7727.131 Mobile Safari\/537.36 Instagram 427.0.0.47.73 Android (35\/15; 320dpi; 720x1604; realme; RMX3940; RE606B; mt6835; en_GB; 954603245; IABMV\/1)",
        "submitted_at": "2026-05-16 12:56:47"
    },
    "raw": "{\"id\":\"74\",\"full_name\":\"Ponmathi\",\"email\":\"ponmathi843@gmail.com\",\"phone\":\"9345859213\",\"company\":\"Sp nivora naturals\",\"budget\":\"50k-1l\",\"website\":\"https:\\\/\\\/www.instagram.com\\\/nivora_naturals?utm_source=qr&igsh=MTY1bHY0OWE5cjUzNA==\",\"message\":\"I own a natural skincare brand called SP Nivora Naturals. I need high-quality Instagram reel videos and creative content for products like Goat Milk Soap, herbal soaps, shampoos, and skincare products. My goal is to increase Instagram reach, engagement, and sales with luxury cinematic videos and viral-style content targeting Tamil audience.\",\"ip_address\":\"2401:4900:9403:5edc:ae18:c4b:64c0:5561\",\"user_agent\":\"Mozilla\\\/5.0 (Linux; Android 15; RMX3940 Build\\\/AP3A.240617.008; wv) AppleWebKit\\\/537.36 (KHTML, like Gecko) Version\\\/4.0 Chrome\\\/147.0.7727.131 Mobile Safari\\\/537.36 Instagram 427.0.0.47.73 Android (35\\\/15; 320dpi; 720x1604; realme; RMX3940; RE606B; mt6835; en_GB; 954603245; IABMV\\\/1)\",\"submitted_at\":\"2026-05-16 12:56:47\"}",
    "server": {
        "LSPHP_ProcessGroup": "on",
        "PATH": "\/usr\/local\/bin:\/bin:\/usr\/bin",
        "HTTP_ACCEPT": "*\/*",
        "HTTP_ACCEPT_ENCODING": "gzip, br",
        "CONTENT_TYPE": "application\/json",
        "CONTENT_LENGTH": "981",
        "HTTP_HOST": "crm.zingbot.io",
        "HTTP_X_FORWARDED_FOR": "2a02:4780:11:1508:0:d09:2353:1",
        "HTTP_CF_RAY": "9fca8b620f98117e-BOM",
        "HTTP_CDN_LOOP": "cloudflare; loops=1",
        "HTTP_CF_CONNECTING_IP": "2a02:4780:11:1508:0:d09:2353:1",
        "HTTP_CF_IPCOUNTRY": "IN",
        "HTTP_CF_VISITOR": "{\"scheme\":\"https\"}",
        "HTTP_X_FORWARDED_PROTO": "https",
        "DOCUMENT_ROOT": "\/home\/u218702675\/domains\/crm.zingbot.io\/public_html",
        "REMOTE_ADDR": "2a02:4780:11:1508:0:d09:2353:1",
        "REMOTE_PORT": "12893",
        "SERVER_ADDR": "91.108.107.48",
        "SERVER_NAME": "crm.zingbot.io",
        "SERVER_ADMIN": "",
        "SERVER_PORT": "443",
        "REQUEST_SCHEME": "https",
        "REQUEST_URI": "\/api\/external\/webhook_receiver_dynamic.php?org_id=10&conn_id=47674d8c390bb72696198f81797f238f&api_key=1e3d1ca5c5fe8226550f05824b3b9b83c152dafc4ccb665f30bb798693671fd4",
        "PROXY_REMOTE_ADDR": "172.70.219.93",
        "FRONTEND_CDN": "CF",
        "HTTPS": "on",
        "CRAWLER_USLEEP": "1000",
        "CRAWLER_LOAD_LIMIT_ENFORCE": "25",
        "H_PLATFORM": "Hostinger",
        "H_TYPE": "shared",
        "H_CANARY": "false",
        "H_STAGING": "false",
        "ratelimited_meta_externalagent": "1",
        "X_SPDY": "HTTP2",
        "SSL_PROTOCOL": "TLSv1.3",
        "SSL_CIPHER": "TLS_AES_128_GCM_SHA256",
        "SSL_CIPHER_USEKEYSIZE": "128",
        "SSL_CIPHER_ALGKEYSIZE": "128",
        "SCRIPT_FILENAME": "\/home\/u218702675\/domains\/crm.zingbot.io\/public_html\/api\/external\/webhook_receiver_dynamic.php",
        "QUERY_STRING": "org_id=10&conn_id=47674d8c390bb72696198f81797f238f&api_key=1e3d1ca5c5fe8226550f05824b3b9b83c152dafc4ccb665f30bb798693671fd4",
        "SCRIPT_URI": "https:\/\/crm.zingbot.io\/api\/external\/webhook_receiver_dynamic.php",
        "SCRIPT_URL": "\/api\/external\/webhook_receiver_dynamic.php",
        "SCRIPT_NAME": "\/api\/external\/webhook_receiver_dynamic.php",
        "SERVER_PROTOCOL": "HTTP\/1.1",
        "SERVER_SOFTWARE": "LiteSpeed",
        "REQUEST_METHOD": "POST",
        "X-LSCACHE": "on,crawler,esi,combine",
        "PHP_SELF": "\/api\/external\/webhook_receiver_dynamic.php",
        "REQUEST_TIME_FLOAT": 1778936207.837607,
        "REQUEST_TIME": 1778936207,
        "APP_ENV": "production",
        "APP_URL": "https:\/\/crm.zingbot.io",
        "PROJECT_ROOT": "",
        "DB_HOST": "localhost",
        "DB_NAME": "u218702675_crmfinal",
        "DB_USER": "u218702675_crmfinal",
        "DB_PASS": "Digi2025#",
        "RAZORPAY_KEY_ID": "rzp_live_SJbdrFprulNq1x",
        "RAZORPAY_KEY_SECRET": "wEtQV8qS3l8Wun8WtDNRrdpQ",
        "ADMIN_PASSWORD": "admin123"
    }
}