{
    "datetime": "2026-03-30T01:28:02+00:00",
    "org_id": 12,
    "conn_id": "fcc267ed32e9bac73892e51058a3e14f",
    "api_key": "43d0415d9e34d1c2c1923f85ed6160fdc9cd3394391370d8bf4d01539a142f11",
    "data": {
        "id": "l:952518647314288",
        "created_time": "2026-03-29T20:27:16-05:00",
        "ad_id": "ag:120242731419190287",
        "ad_name": "TECH_ARA_VIDEO_S_v09 3",
        "adset_id": "as:120242731419210287",
        "adset_name": "B2B",
        "campaign_id": "c:120242731419200287",
        "campaign_name": "TA_Leads_B2B_Mar'25",
        "form_id": "f:4363460960647883",
        "form_name": "Techara_B2B_Mar'25",
        "is_organic": "false",
        "platform": "fb",
        "company_name": "RBI \u09a8\u09bf\u09af\u09bc\u09a8\u09cd\u09a4\u09cd\u09b0\u09bf\u09a4 \u09b8\u0982\u09b8\u09cd\u09a5\u09be (RE) \u09af\u09c7\u09ae\u09a8 \u09ac\u09cd\u09af\u09be\u0999\u09cd\u0995 \/ NBFC \/ \u09aa\u09c7\u09ae\u09c7\u09a8\u09cd\u099f \u09b8\u09bf\u09b8\u09cd\u099f\u09c7\u09ae \u0985\u0982\u09b6\u0997\u09cd\u09b0\u09b9\u09a3\u0995\u09be\u09b0\u09c0 \/ \u0995\u09cd\u09b0\u09c7\u09a1\u09bf\u099f \u0987\u09a8\u09ab\u09b0\u09ae\u09c7\u09b6\u09a8 \u0995\u09cb\u09ae\u09cd\u09aa\u09be\u09a8\u09bf\u0997\u09c1\u09b2\u09bf\u09b0 \u09ac\u09bf\u09b0\u09c1\u09a6\u09cd\u09a7\u09c7 \u0986\u09aa\u09a8\u09be\u09b0 \u0985\u09ad\u09bf\u09af\u09cb\u0997 \u09a8\u09bf\u09b7\u09cd\u09aa\u09a4\u09cd\u09a4\u09bf\u09b0 \u099c\u09a8\u09cd\u09af, \u098f\u0987 \u09aa\u09a6\u0995\u09cd\u09b7\u09c7\u09aa\u0997\u09c1\u09b2\u09bf \u0985\u09a8\u09c1\u09b8\u09b0\u09a3 \u0995\u09b0\u09c1\u09a8:\n\n1\ufe0f\u20e3 \u09aa\u09cd\u09b0\u09a5\u09ae\u09c7 RE-\u098f\u09b0 \u0995\u09be\u099b\u09c7 \u0986\u09aa\u09a8\u09be\u09b0 \u0985\u09ad\u09bf\u09af\u09cb\u0997 \u09a6\u09be\u09af\u09bc\u09c7\u09b0 \u0995\u09b0\u09c1\u09a8\u0964\n2\ufe0f\u20e3 \u09aa\u09cd\u09b0\u09be\u09aa\u09cd\u09a4\u09bf \u09b8\u09cd\u09ac\u09c0\u0995\u09be\u09b0 \/ \u09b0\u09c7\u09ab\u09be\u09b0\u09c7\u09a8\u09cd\u09b8 \u09a8\u09ae\u09cd\u09ac\u09b0 \u09b8\u0982\u0997\u09cd\u09b0\u09b9 \u0995\u09b0\u09c1\u09a8\u0964\n3\ufe0f\u20e3 \u09af\u09a6\u09bf 30 \u09a6\u09bf\u09a8\u09c7\u09b0 \u09ae\u09a7\u09cd\u09af\u09c7 RE-\u098f\u09b0 \u0995\u09be\u099b \u09a5\u09c7\u0995\u09c7 \u0995\u09cb\u09a8\u0993 \u09b8\u09ae\u09be\u09a7\u09be\u09a8 \u09a8\u09be \u09aa\u09be\u0993\u09af\u09bc\u09be \u09af\u09be\u09af\u09bc \u09ac\u09be \u0986\u09aa\u09a8\u09bf \u098f\u09a4\u09c7 \u09b8\u09a8\u09cd\u09a4\u09c1\u09b7\u09cd\u099f \u09a8\u09be \u09b9\u09a8, \u09a4\u09ac\u09c7 \u0986\u09aa\u09a8\u09bf RBI-\u098f\u09b0 CMS \u09aa\u09cb\u09b0\u09cd\u099f\u09be\u09b2\u09c7 (cms.rbi.org.in) \u09ac\u09be \u09a1\u09be\u0995\u09af\u09cb\u0997\u09c7 CRPC, \u09b0\u09bf\u099c\u09be\u09b0\u09cd\u09ad \u09ac\u09cd\u09af\u09be\u0999\u09cd\u0995 \u0985\u09ab \u0987\u09a8\u09cd\u09a1\u09bf\u09af\u09bc\u09be, \u09b8\u09c7\u0995\u09cd\u099f\u09b0 17, \u099a\u09a3\u09cd\u09a1\u09c0\u0997\u09a1\u09bc - 160017 \u09a0\u09bf\u0995\u09be\u09a8\u09be\u09df RBI \u0993\u09ae\u09ac\u09be\u09a1\u09b8\u09ae\u09cd\u09af\u09be\u09a8\u09c7\u09b0 \u0995\u09be\u099b\u09c7 \u0986\u09aa\u09a8\u09be\u09b0 \u0985\u09ad\u09bf\u09af\u09cb\u0997 \u09a6\u09be\u09af\u09bc\u09c7\u09b0 \u0995\u09b0\u09a4\u09c7 \u09aa\u09be\u09b0\u09c7\u09a8\u0964\n\n\ud83d\udccc *\u09b8\u09b0\u09be\u09b8\u09b0\u09bf RBI \u0993\u09ae\u09ac\u09be\u09a1\u09b8\u09ae\u09cd\u09af\u09be\u09a8\u09c7\u09b0 \u0995\u09be\u099b\u09c7 \u0985\u09ad\u09bf\u09af\u09cb\u0997 \u09a6\u09be\u09af\u09bc\u09c7\u09b0 \u0995\u09b0\u09b2\u09c7 \u09a4\u09be \u09ac\u09be\u09a4\u09bf\u09b2 \u09b9\u09a4\u09c7 \u09aa\u09be\u09b0\u09c7\u0964*\n\n\u2139\ufe0f \u0986\u09b0\u0993 \u09a4\u09a5\u09cd\u09af\u09c7\u09b0 \u099c\u09a8\u09cd\u09af \u0985\u09a8\u09c1\u0997\u09cd\u09b0\u09b9 \u0995\u09b0\u09c7 \u0995\u09cd\u09b2\u09bf\u0995 \u0995\u09b0\u09c1\u09a8: https:\/\/rbikehtahai.rbi.org.in\/bengali\/index.html \u0985\u09a5\u09ac\u09be \u2018\u0995\u09b2 \u0995\u09b0\u09c1\u09a8 14448\u2019\n\n\ud83d\udca1 RBI \u09ac\u09b2\u09c7, \u099c\u09c7\u09a8\u09c7 \u09b0\u09be\u0996\u09c1\u09a8, \u09b8\u09a4\u09b0\u09cd\u0995 \u09a5\u09be\u0995\u09c1\u09a8\nWhatsApp \u09a8\u09cb\u099f\u09bf\u09ab\u09bf\u0995\u09c7\u09b6\u09a8 \u09ac\u09a8\u09cd\u09a7 \u0995\u09b0\u09a4\u09c7 'stop' \u09b2\u09bf\u0996\u09c1\u09a8",
        "full_name": "Srimanta Mudi Jr.",
        "email": "srimantamudi721253@gmail.com",
        "phone_number": "p:+917477505188",
        "city": "Medinipur",
        "lead_status": "CREATED",
        "crm_status": ""
    },
    "raw": "{\"id\":\"l:952518647314288\",\"created_time\":\"2026-03-29T20:27:16-05:00\",\"ad_id\":\"ag:120242731419190287\",\"ad_name\":\"TECH_ARA_VIDEO_S_v09 3\",\"adset_id\":\"as:120242731419210287\",\"adset_name\":\"B2B\",\"campaign_id\":\"c:120242731419200287\",\"campaign_name\":\"TA_Leads_B2B_Mar'25\",\"form_id\":\"f:4363460960647883\",\"form_name\":\"Techara_B2B_Mar'25\",\"is_organic\":\"false\",\"platform\":\"fb\",\"company_name\":\"RBI \u09a8\u09bf\u09af\u09bc\u09a8\u09cd\u09a4\u09cd\u09b0\u09bf\u09a4 \u09b8\u0982\u09b8\u09cd\u09a5\u09be (RE) \u09af\u09c7\u09ae\u09a8 \u09ac\u09cd\u09af\u09be\u0999\u09cd\u0995 \/ NBFC \/ \u09aa\u09c7\u09ae\u09c7\u09a8\u09cd\u099f \u09b8\u09bf\u09b8\u09cd\u099f\u09c7\u09ae \u0985\u0982\u09b6\u0997\u09cd\u09b0\u09b9\u09a3\u0995\u09be\u09b0\u09c0 \/ \u0995\u09cd\u09b0\u09c7\u09a1\u09bf\u099f \u0987\u09a8\u09ab\u09b0\u09ae\u09c7\u09b6\u09a8 \u0995\u09cb\u09ae\u09cd\u09aa\u09be\u09a8\u09bf\u0997\u09c1\u09b2\u09bf\u09b0 \u09ac\u09bf\u09b0\u09c1\u09a6\u09cd\u09a7\u09c7 \u0986\u09aa\u09a8\u09be\u09b0 \u0985\u09ad\u09bf\u09af\u09cb\u0997 \u09a8\u09bf\u09b7\u09cd\u09aa\u09a4\u09cd\u09a4\u09bf\u09b0 \u099c\u09a8\u09cd\u09af, \u098f\u0987 \u09aa\u09a6\u0995\u09cd\u09b7\u09c7\u09aa\u0997\u09c1\u09b2\u09bf \u0985\u09a8\u09c1\u09b8\u09b0\u09a3 \u0995\u09b0\u09c1\u09a8:\\n\\n1\ufe0f\u20e3 \u09aa\u09cd\u09b0\u09a5\u09ae\u09c7 RE-\u098f\u09b0 \u0995\u09be\u099b\u09c7 \u0986\u09aa\u09a8\u09be\u09b0 \u0985\u09ad\u09bf\u09af\u09cb\u0997 \u09a6\u09be\u09af\u09bc\u09c7\u09b0 \u0995\u09b0\u09c1\u09a8\u0964\\n2\ufe0f\u20e3 \u09aa\u09cd\u09b0\u09be\u09aa\u09cd\u09a4\u09bf \u09b8\u09cd\u09ac\u09c0\u0995\u09be\u09b0 \/ \u09b0\u09c7\u09ab\u09be\u09b0\u09c7\u09a8\u09cd\u09b8 \u09a8\u09ae\u09cd\u09ac\u09b0 \u09b8\u0982\u0997\u09cd\u09b0\u09b9 \u0995\u09b0\u09c1\u09a8\u0964\\n3\ufe0f\u20e3 \u09af\u09a6\u09bf 30 \u09a6\u09bf\u09a8\u09c7\u09b0 \u09ae\u09a7\u09cd\u09af\u09c7 RE-\u098f\u09b0 \u0995\u09be\u099b \u09a5\u09c7\u0995\u09c7 \u0995\u09cb\u09a8\u0993 \u09b8\u09ae\u09be\u09a7\u09be\u09a8 \u09a8\u09be \u09aa\u09be\u0993\u09af\u09bc\u09be \u09af\u09be\u09af\u09bc \u09ac\u09be \u0986\u09aa\u09a8\u09bf \u098f\u09a4\u09c7 \u09b8\u09a8\u09cd\u09a4\u09c1\u09b7\u09cd\u099f \u09a8\u09be \u09b9\u09a8, \u09a4\u09ac\u09c7 \u0986\u09aa\u09a8\u09bf RBI-\u098f\u09b0 CMS \u09aa\u09cb\u09b0\u09cd\u099f\u09be\u09b2\u09c7 (cms.rbi.org.in) \u09ac\u09be \u09a1\u09be\u0995\u09af\u09cb\u0997\u09c7 CRPC, \u09b0\u09bf\u099c\u09be\u09b0\u09cd\u09ad \u09ac\u09cd\u09af\u09be\u0999\u09cd\u0995 \u0985\u09ab \u0987\u09a8\u09cd\u09a1\u09bf\u09af\u09bc\u09be, \u09b8\u09c7\u0995\u09cd\u099f\u09b0 17, \u099a\u09a3\u09cd\u09a1\u09c0\u0997\u09a1\u09bc - 160017 \u09a0\u09bf\u0995\u09be\u09a8\u09be\u09df RBI \u0993\u09ae\u09ac\u09be\u09a1\u09b8\u09ae\u09cd\u09af\u09be\u09a8\u09c7\u09b0 \u0995\u09be\u099b\u09c7 \u0986\u09aa\u09a8\u09be\u09b0 \u0985\u09ad\u09bf\u09af\u09cb\u0997 \u09a6\u09be\u09af\u09bc\u09c7\u09b0 \u0995\u09b0\u09a4\u09c7 \u09aa\u09be\u09b0\u09c7\u09a8\u0964\\n\\n\ud83d\udccc *\u09b8\u09b0\u09be\u09b8\u09b0\u09bf RBI \u0993\u09ae\u09ac\u09be\u09a1\u09b8\u09ae\u09cd\u09af\u09be\u09a8\u09c7\u09b0 \u0995\u09be\u099b\u09c7 \u0985\u09ad\u09bf\u09af\u09cb\u0997 \u09a6\u09be\u09af\u09bc\u09c7\u09b0 \u0995\u09b0\u09b2\u09c7 \u09a4\u09be \u09ac\u09be\u09a4\u09bf\u09b2 \u09b9\u09a4\u09c7 \u09aa\u09be\u09b0\u09c7\u0964*\\n\\n\u2139\ufe0f \u0986\u09b0\u0993 \u09a4\u09a5\u09cd\u09af\u09c7\u09b0 \u099c\u09a8\u09cd\u09af \u0985\u09a8\u09c1\u0997\u09cd\u09b0\u09b9 \u0995\u09b0\u09c7 \u0995\u09cd\u09b2\u09bf\u0995 \u0995\u09b0\u09c1\u09a8: https:\/\/rbikehtahai.rbi.org.in\/bengali\/index.html \u0985\u09a5\u09ac\u09be \u2018\u0995\u09b2 \u0995\u09b0\u09c1\u09a8 14448\u2019\\n\\n\ud83d\udca1 RBI \u09ac\u09b2\u09c7, \u099c\u09c7\u09a8\u09c7 \u09b0\u09be\u0996\u09c1\u09a8, \u09b8\u09a4\u09b0\u09cd\u0995 \u09a5\u09be\u0995\u09c1\u09a8\\nWhatsApp \u09a8\u09cb\u099f\u09bf\u09ab\u09bf\u0995\u09c7\u09b6\u09a8 \u09ac\u09a8\u09cd\u09a7 \u0995\u09b0\u09a4\u09c7 'stop' \u09b2\u09bf\u0996\u09c1\u09a8\",\"full_name\":\"Srimanta Mudi Jr.\",\"email\":\"srimantamudi721253@gmail.com\",\"phone_number\":\"p:+917477505188\",\"city\":\"Medinipur\",\"lead_status\":\"CREATED\",\"crm_status\":\"\"}",
    "server": {
        "LSPHP_ProcessGroup": "on",
        "PATH": "\/usr\/local\/bin:\/bin:\/usr\/bin",
        "HTTP_ACCEPT_ENCODING": "gzip, br",
        "CONTENT_TYPE": "application\/json",
        "CONTENT_LENGTH": "2473",
        "HTTP_HOST": "crm.zingbot.io",
        "HTTP_USER_AGENT": "Mozilla\/5.0 (compatible; Google-Apps-Script; beanserver; +https:\/\/script.google.com; id: UAEmdDd866qoLx0SxoDNSVQZFMKbeRqpV6Q)",
        "HTTP_X_FORWARDED_FOR": "34.98.143.167",
        "HTTP_CF_RAY": "9e4355d0082afeda-ORD",
        "HTTP_X_FORWARDED_PROTO": "https",
        "HTTP_CDN_LOOP": "cloudflare; loops=1",
        "HTTP_CF_CONNECTING_IP": "34.98.143.167",
        "HTTP_CF_IPCOUNTRY": "US",
        "HTTP_CF_VISITOR": "{\"scheme\":\"https\"}",
        "DOCUMENT_ROOT": "\/home\/u218702675\/domains\/crm.zingbot.io\/public_html",
        "REMOTE_ADDR": "34.98.143.167",
        "REMOTE_PORT": "9969",
        "SERVER_ADDR": "91.108.107.48",
        "SERVER_NAME": "crm.zingbot.io",
        "SERVER_ADMIN": "",
        "SERVER_PORT": "443",
        "REQUEST_SCHEME": "https",
        "REQUEST_URI": "\/api\/external\/webhook_receiver_dynamic.php?org_id=12&conn_id=fcc267ed32e9bac73892e51058a3e14f&api_key=43d0415d9e34d1c2c1923f85ed6160fdc9cd3394391370d8bf4d01539a142f11",
        "PROXY_REMOTE_ADDR": "172.70.126.49",
        "FRONTEND_CDN": "CF",
        "HTTPS": "on",
        "CRAWLER_USLEEP": "1000",
        "CRAWLER_LOAD_LIMIT_ENFORCE": "25",
        "H_PLATFORM": "Hostinger",
        "H_TYPE": "shared",
        "H_CANARY": "false",
        "H_STAGING": "false",
        "ratelimited_meta_externalagent": "1",
        "UNIQUE_ID": "@6xzPhAijw039VVXtzs7QADL",
        "X_SPDY": "HTTP2",
        "SSL_PROTOCOL": "TLSv1.3",
        "SSL_CIPHER": "TLS_AES_128_GCM_SHA256",
        "SSL_CIPHER_USEKEYSIZE": "128",
        "SSL_CIPHER_ALGKEYSIZE": "128",
        "SCRIPT_FILENAME": "\/home\/u218702675\/domains\/crm.zingbot.io\/public_html\/api\/external\/webhook_receiver_dynamic.php",
        "QUERY_STRING": "org_id=12&conn_id=fcc267ed32e9bac73892e51058a3e14f&api_key=43d0415d9e34d1c2c1923f85ed6160fdc9cd3394391370d8bf4d01539a142f11",
        "SCRIPT_URI": "https:\/\/crm.zingbot.io\/api\/external\/webhook_receiver_dynamic.php",
        "SCRIPT_URL": "\/api\/external\/webhook_receiver_dynamic.php",
        "SCRIPT_NAME": "\/api\/external\/webhook_receiver_dynamic.php",
        "SERVER_PROTOCOL": "HTTP\/1.1",
        "SERVER_SOFTWARE": "LiteSpeed",
        "REQUEST_METHOD": "POST",
        "X-LSCACHE": "on,crawler,esi,combine",
        "PHP_SELF": "\/api\/external\/webhook_receiver_dynamic.php",
        "REQUEST_TIME_FLOAT": 1774834082.181563,
        "REQUEST_TIME": 1774834082,
        "APP_ENV": "production",
        "APP_URL": "https:\/\/crm.zingbot.io",
        "PROJECT_ROOT": "",
        "DB_HOST": "localhost",
        "DB_NAME": "u218702675_crmfinal",
        "DB_USER": "u218702675_crmfinal",
        "DB_PASS": "Digi2025#",
        "RAZORPAY_KEY_ID": "rzp_live_SJbdrFprulNq1x",
        "RAZORPAY_KEY_SECRET": "wEtQV8qS3l8Wun8WtDNRrdpQ",
        "ADMIN_PASSWORD": "admin123"
    }
}