{
    "datetime": "2026-01-02T17:51:48+00:00",
    "org_id": 3,
    "conn_id": "1b5b1639029d0846ee4021417bde9b91",
    "api_key": "9a817000fb87db274f6519a24dc5c4af53cab9209fb3615f2703d34a60027c58",
    "data": {
        "id": "l:902084169209391",
        "created_time": "2026-01-02T12:50:52-05:00",
        "ad_id": "ag:120239882705050110",
        "ad_name": "Video 1",
        "adset_id": "as:120239882705040110",
        "adset_name": "PageAdmins",
        "campaign_id": "c:120239882705030110",
        "campaign_name": "CE_LE_nov'25",
        "form_id": "f:686152941016576",
        "form_name": "DF_LG_OB-copy",
        "is_organic": "false",
        "platform": "fb",
        "what_type_of_business_are_you_into?_": "product-based",
        "1.what_type_of_business_setup_do_you_have?_": "online_store",
        "first name": "Manoharan Harikrishnan",
        "last name": "S",
        "phone": "p:+918122912214",
        "email": "narpavimanoharan@gmail.com",
        "company_name": "Divine Mantra",
        "city": "Vellore",
        "inbox_url": "https:\/\/business.facebook.com\/latest\/25956718637279062?nav_ref=thread_view_by_psid",
        "lead_status": "CREATED"
    },
    "raw": "{\"id\":\"l:902084169209391\",\"created_time\":\"2026-01-02T12:50:52-05:00\",\"ad_id\":\"ag:120239882705050110\",\"ad_name\":\"Video 1\",\"adset_id\":\"as:120239882705040110\",\"adset_name\":\"PageAdmins\",\"campaign_id\":\"c:120239882705030110\",\"campaign_name\":\"CE_LE_nov'25\",\"form_id\":\"f:686152941016576\",\"form_name\":\"DF_LG_OB-copy\",\"is_organic\":\"false\",\"platform\":\"fb\",\"what_type_of_business_are_you_into?_\":\"product-based\",\"1.what_type_of_business_setup_do_you_have?_\":\"online_store\",\"first name\":\"Manoharan Harikrishnan\",\"last name\":\"S\",\"phone\":\"p:+918122912214\",\"email\":\"narpavimanoharan@gmail.com\",\"company_name\":\"Divine Mantra\",\"city\":\"Vellore\",\"inbox_url\":\"https:\/\/business.facebook.com\/latest\/25956718637279062?nav_ref=thread_view_by_psid\",\"lead_status\":\"CREATED\"}",
    "server": {
        "LSPHP_ProcessGroup": "on",
        "PATH": "\/usr\/local\/bin:\/bin:\/usr\/bin",
        "HTTP_ACCEPT_ENCODING": "gzip, br",
        "CONTENT_TYPE": "application\/json",
        "CONTENT_LENGTH": "747",
        "HTTP_HOST": "crm.zingbot.io",
        "HTTP_USER_AGENT": "Mozilla\/5.0 (compatible; Google-Apps-Script; beanserver; +https:\/\/script.google.com; id: UAEmdDd8NOfMJo3SJDGSKvTk7qGVnLdXr3Ao)",
        "HTTP_X_FORWARDED_FOR": "35.187.134.99",
        "HTTP_CF_RAY": "9b7c1b402f7b23e7-ATL",
        "HTTP_X_FORWARDED_PROTO": "https",
        "HTTP_CDN_LOOP": "cloudflare; loops=1",
        "HTTP_CF_CONNECTING_IP": "35.187.134.99",
        "HTTP_CF_IPCOUNTRY": "US",
        "HTTP_CF_VISITOR": "{\"scheme\":\"https\"}",
        "DOCUMENT_ROOT": "\/home\/u218702675\/domains\/crm.zingbot.io\/public_html",
        "REMOTE_ADDR": "35.187.134.99",
        "REMOTE_PORT": "11960",
        "SERVER_ADDR": "91.108.107.48",
        "SERVER_NAME": "crm.zingbot.io",
        "SERVER_ADMIN": "",
        "SERVER_PORT": "443",
        "REQUEST_SCHEME": "https",
        "REQUEST_URI": "\/api\/external\/webhook_receiver_dynamic.php?org_id=3&conn_id=1b5b1639029d0846ee4021417bde9b91&api_key=9a817000fb87db274f6519a24dc5c4af53cab9209fb3615f2703d34a60027c58",
        "PROXY_REMOTE_ADDR": "104.22.1.12",
        "FRONTEND_CDN": "CF",
        "HTTPS": "on",
        "CRAWLER_USLEEP": "1000",
        "CRAWLER_LOAD_LIMIT_ENFORCE": "25",
        "H_PLATFORM": "Hostinger",
        "H_TYPE": "shared",
        "H_CANARY": "false",
        "H_STAGING": "false",
        "UNIQUE_ID": "2ONDXMZul7kYV2X4ZUJcDY6h",
        "X_SPDY": "HTTP2",
        "SSL_PROTOCOL": "TLSv1.3",
        "SSL_CIPHER": "TLS_AES_128_GCM_SHA256",
        "SSL_CIPHER_USEKEYSIZE": "128",
        "SSL_CIPHER_ALGKEYSIZE": "128",
        "SCRIPT_FILENAME": "\/home\/u218702675\/domains\/crm.zingbot.io\/public_html\/api\/external\/webhook_receiver_dynamic.php",
        "QUERY_STRING": "org_id=3&conn_id=1b5b1639029d0846ee4021417bde9b91&api_key=9a817000fb87db274f6519a24dc5c4af53cab9209fb3615f2703d34a60027c58",
        "SCRIPT_URI": "https:\/\/crm.zingbot.io\/api\/external\/webhook_receiver_dynamic.php",
        "SCRIPT_URL": "\/api\/external\/webhook_receiver_dynamic.php",
        "SCRIPT_NAME": "\/api\/external\/webhook_receiver_dynamic.php",
        "SERVER_PROTOCOL": "HTTP\/1.1",
        "SERVER_SOFTWARE": "LiteSpeed",
        "REQUEST_METHOD": "POST",
        "X-LSCACHE": "on,crawler,esi,combine",
        "PHP_SELF": "\/api\/external\/webhook_receiver_dynamic.php",
        "REQUEST_TIME_FLOAT": 1767376308.409343,
        "REQUEST_TIME": 1767376308
    }
}