{
    "datetime": "2026-03-19T08:18:49+00:00",
    "org_id": 10,
    "conn_id": "47674d8c390bb72696198f81797f238f",
    "api_key": "1e3d1ca5c5fe8226550f05824b3b9b83c152dafc4ccb665f30bb798693671fd4",
    "data": {
        "id": "34",
        "full_name": "Dinki Agarwal",
        "email": "dinki.agarwal@sinelogix.com",
        "phone": "9979553686",
        "company": "Sinelogix Web Technologies",
        "budget": "4l-8l",
        "website": "https:\/\/www.sinelogix.com\/",
        "message": "Hello Team,\r\n\r\nI hope you are doing well.\r\n\r\nWe are a web development company based in Vadodara, India. We currently have experienced in-house developers available for immediate deployment.\r\n\r\nBelow are our monthly engagement costs:\r\n\r\nWordPress \/ WooCommerce Developer: \u20b950K \u2013 \u20b955K per month\r\nPHP \/ CodeIgniter \/ Laravel Developer: \u20b955K \u2013 \u20b960K per month\r\nMagento Developer: \u20b960K \u2013 \u20b965K per month\r\nShopify Developer: \u20b965K \u2013 \u20b970K per month\r\nReact Developer: \u20b960K \u2013 \u20b965K per month\r\nSEO Specialist: \u20b925K \u2013 \u20b930K per month\r\n\r\nOur developers can work as an extended team for your projects, helping with extra workload, tight deadlines, or ongoing development support.\r\n\r\nThere is no long-term commitment, and engagement can be stopped with a one-week notice.\r\n\r\nPlease feel free to contact us at email id: dinki.agarwal@sinelogix.com or call\/whats app at +91-9979553686\r\n\r\nPlease let me know if you would like to review developer profiles.",
        "ip_address": "2405:201:a802:a9a3:c98:4661:3273:b0f7",
        "user_agent": "Mozilla\/5.0 (Windows NT 10.0; Win64; x64) AppleWebKit\/537.36 (KHTML, like Gecko) Chrome\/146.0.0.0 Safari\/537.36",
        "submitted_at": "2026-03-19 08:18:49"
    },
    "raw": "{\"id\":\"34\",\"full_name\":\"Dinki Agarwal\",\"email\":\"dinki.agarwal@sinelogix.com\",\"phone\":\"9979553686\",\"company\":\"Sinelogix Web Technologies\",\"budget\":\"4l-8l\",\"website\":\"https:\\\/\\\/www.sinelogix.com\\\/\",\"message\":\"Hello Team,\\r\\n\\r\\nI hope you are doing well.\\r\\n\\r\\nWe are a web development company based in Vadodara, India. We currently have experienced in-house developers available for immediate deployment.\\r\\n\\r\\nBelow are our monthly engagement costs:\\r\\n\\r\\nWordPress \\\/ WooCommerce Developer: \\u20b950K \\u2013 \\u20b955K per month\\r\\nPHP \\\/ CodeIgniter \\\/ Laravel Developer: \\u20b955K \\u2013 \\u20b960K per month\\r\\nMagento Developer: \\u20b960K \\u2013 \\u20b965K per month\\r\\nShopify Developer: \\u20b965K \\u2013 \\u20b970K per month\\r\\nReact Developer: \\u20b960K \\u2013 \\u20b965K per month\\r\\nSEO Specialist: \\u20b925K \\u2013 \\u20b930K per month\\r\\n\\r\\nOur developers can work as an extended team for your projects, helping with extra workload, tight deadlines, or ongoing development support.\\r\\n\\r\\nThere is no long-term commitment, and engagement can be stopped with a one-week notice.\\r\\n\\r\\nPlease feel free to contact us at email id: dinki.agarwal@sinelogix.com or call\\\/whats app at +91-9979553686\\r\\n\\r\\nPlease let me know if you would like to review developer profiles.\",\"ip_address\":\"2405:201:a802:a9a3:c98:4661:3273:b0f7\",\"user_agent\":\"Mozilla\\\/5.0 (Windows NT 10.0; Win64; x64) AppleWebKit\\\/537.36 (KHTML, like Gecko) Chrome\\\/146.0.0.0 Safari\\\/537.36\",\"submitted_at\":\"2026-03-19 08:18:49\"}",
    "server": {
        "LSPHP_ProcessGroup": "on",
        "PATH": "\/usr\/local\/bin:\/bin:\/usr\/bin",
        "HTTP_ACCEPT": "*\/*",
        "HTTP_ACCEPT_ENCODING": "gzip, br",
        "CONTENT_TYPE": "application\/json",
        "CONTENT_LENGTH": "1499",
        "HTTP_HOST": "crm.zingbot.io",
        "HTTP_X_FORWARDED_FOR": "2a02:4780:11:1508:0:d09:2353:1",
        "HTTP_CF_RAY": "9deb0c71bb77b8bf-BOM",
        "HTTP_CDN_LOOP": "cloudflare; loops=1",
        "HTTP_CF_CONNECTING_IP": "2a02:4780:11:1508:0:d09:2353:1",
        "HTTP_CF_IPCOUNTRY": "IN",
        "HTTP_CF_VISITOR": "{\"scheme\":\"https\"}",
        "HTTP_X_FORWARDED_PROTO": "https",
        "DOCUMENT_ROOT": "\/home\/u218702675\/domains\/crm.zingbot.io\/public_html",
        "REMOTE_ADDR": "2a02:4780:11:1508:0:d09:2353:1",
        "REMOTE_PORT": "13250",
        "SERVER_ADDR": "91.108.107.48",
        "SERVER_NAME": "crm.zingbot.io",
        "SERVER_ADMIN": "",
        "SERVER_PORT": "443",
        "REQUEST_SCHEME": "https",
        "REQUEST_URI": "\/api\/external\/webhook_receiver_dynamic.php?org_id=10&conn_id=47674d8c390bb72696198f81797f238f&api_key=1e3d1ca5c5fe8226550f05824b3b9b83c152dafc4ccb665f30bb798693671fd4",
        "PROXY_REMOTE_ADDR": "172.71.198.137",
        "FRONTEND_CDN": "CF",
        "HTTPS": "on",
        "CRAWLER_USLEEP": "1000",
        "CRAWLER_LOAD_LIMIT_ENFORCE": "25",
        "H_PLATFORM": "Hostinger",
        "H_TYPE": "shared",
        "H_CANARY": "false",
        "H_STAGING": "false",
        "ratelimited_meta_externalagent": "1",
        "ratelimited_gptbot": "1",
        "UNIQUE_ID": "MzXCFzmgtlVn6Tx822Q@dCCE",
        "X_SPDY": "HTTP2",
        "SSL_PROTOCOL": "TLSv1.3",
        "SSL_CIPHER": "TLS_AES_128_GCM_SHA256",
        "SSL_CIPHER_USEKEYSIZE": "128",
        "SSL_CIPHER_ALGKEYSIZE": "128",
        "SCRIPT_FILENAME": "\/home\/u218702675\/domains\/crm.zingbot.io\/public_html\/api\/external\/webhook_receiver_dynamic.php",
        "QUERY_STRING": "org_id=10&conn_id=47674d8c390bb72696198f81797f238f&api_key=1e3d1ca5c5fe8226550f05824b3b9b83c152dafc4ccb665f30bb798693671fd4",
        "SCRIPT_URI": "https:\/\/crm.zingbot.io\/api\/external\/webhook_receiver_dynamic.php",
        "SCRIPT_URL": "\/api\/external\/webhook_receiver_dynamic.php",
        "SCRIPT_NAME": "\/api\/external\/webhook_receiver_dynamic.php",
        "SERVER_PROTOCOL": "HTTP\/1.1",
        "SERVER_SOFTWARE": "LiteSpeed",
        "REQUEST_METHOD": "POST",
        "X-LSCACHE": "on,crawler,esi,combine",
        "PHP_SELF": "\/api\/external\/webhook_receiver_dynamic.php",
        "REQUEST_TIME_FLOAT": 1773908329.288789,
        "REQUEST_TIME": 1773908329,
        "APP_ENV": "production",
        "APP_URL": "https:\/\/crm.zingbot.io",
        "PROJECT_ROOT": "",
        "DB_HOST": "localhost",
        "DB_NAME": "u218702675_crmfinal",
        "DB_USER": "u218702675_crmfinal",
        "DB_PASS": "Digi2025#",
        "RAZORPAY_KEY_ID": "rzp_live_SJbdrFprulNq1x",
        "RAZORPAY_KEY_SECRET": "wEtQV8qS3l8Wun8WtDNRrdpQ",
        "ADMIN_PASSWORD": "admin123"
    }
}