{
    "datetime": "2026-05-30T18:52:39+00:00",
    "org_id": 10,
    "conn_id": "47674d8c390bb72696198f81797f238f",
    "api_key": "1e3d1ca5c5fe8226550f05824b3b9b83c152dafc4ccb665f30bb798693671fd4",
    "data": {
        "id": "84",
        "full_name": "Abdul Hameed MB",
        "email": "mbatraders1983@gmail.com",
        "phone": "9585459781",
        "company": "MBA Traders",
        "budget": "50k-1l",
        "website": "",
        "message": "I have rice brand",
        "ip_address": "2402:3a80:551:881b:dc25:85ab:d31b:89cd",
        "user_agent": "Mozilla\/5.0 (iPhone; CPU iPhone OS 26_1 like Mac OS X) AppleWebKit\/605.1.15 (KHTML, like Gecko) Mobile\/23B85 Instagram 428.2.0.37.66 (iPhone14,5; iOS 26_1; en_GB; en-GB; scale=3.00; 1170x2532; IABMV\/1; 961927775) Safari\/604.1",
        "submitted_at": "2026-05-30 18:52:39"
    },
    "raw": "{\"id\":\"84\",\"full_name\":\"Abdul Hameed MB\",\"email\":\"mbatraders1983@gmail.com\",\"phone\":\"9585459781\",\"company\":\"MBA Traders\",\"budget\":\"50k-1l\",\"website\":\"\",\"message\":\"I have rice brand\",\"ip_address\":\"2402:3a80:551:881b:dc25:85ab:d31b:89cd\",\"user_agent\":\"Mozilla\\\/5.0 (iPhone; CPU iPhone OS 26_1 like Mac OS X) AppleWebKit\\\/605.1.15 (KHTML, like Gecko) Mobile\\\/23B85 Instagram 428.2.0.37.66 (iPhone14,5; iOS 26_1; en_GB; en-GB; scale=3.00; 1170x2532; IABMV\\\/1; 961927775) Safari\\\/604.1\",\"submitted_at\":\"2026-05-30 18:52:39\"}",
    "server": {
        "LSPHP_ProcessGroup": "on",
        "PATH": "\/usr\/local\/bin:\/bin:\/usr\/bin",
        "HTTP_ACCEPT": "*\/*",
        "HTTP_ACCEPT_ENCODING": "gzip, br",
        "CONTENT_TYPE": "application\/json",
        "CONTENT_LENGTH": "519",
        "HTTP_HOST": "crm.zingbot.io",
        "HTTP_X_FORWARDED_FOR": "2a02:4780:11:1508:0:d09:2353:1",
        "HTTP_CF_RAY": "a03fefebe9093f42-BOM",
        "HTTP_CDN_LOOP": "cloudflare; loops=1",
        "HTTP_CF_CONNECTING_IP": "2a02:4780:11:1508:0:d09:2353:1",
        "HTTP_CF_IPCOUNTRY": "IN",
        "HTTP_CF_VISITOR": "{\"scheme\":\"https\"}",
        "HTTP_X_FORWARDED_PROTO": "https",
        "DOCUMENT_ROOT": "\/home\/u218702675\/domains\/crm.zingbot.io\/public_html",
        "REMOTE_ADDR": "2a02:4780:11:1508:0:d09:2353:1",
        "REMOTE_PORT": "12956",
        "SERVER_ADDR": "91.108.107.48",
        "SERVER_NAME": "crm.zingbot.io",
        "SERVER_ADMIN": "",
        "SERVER_PORT": "443",
        "REQUEST_SCHEME": "https",
        "REQUEST_URI": "\/api\/external\/webhook_receiver_dynamic.php?org_id=10&conn_id=47674d8c390bb72696198f81797f238f&api_key=1e3d1ca5c5fe8226550f05824b3b9b83c152dafc4ccb665f30bb798693671fd4",
        "PROXY_REMOTE_ADDR": "172.69.95.153",
        "FRONTEND_CDN": "CF",
        "HTTPS": "on",
        "CRAWLER_USLEEP": "1000",
        "CRAWLER_LOAD_LIMIT_ENFORCE": "25",
        "H_PLATFORM": "Hostinger",
        "H_TYPE": "shared",
        "H_CANARY": "false",
        "H_STAGING": "false",
        "ratelimited_meta_externalagent": "1",
        "ratelimited_gptbot": "1",
        "ratelimited_chrome_88": "1",
        "X_SPDY": "HTTP2",
        "SSL_PROTOCOL": "TLSv1.3",
        "SSL_CIPHER": "TLS_AES_128_GCM_SHA256",
        "SSL_CIPHER_USEKEYSIZE": "128",
        "SSL_CIPHER_ALGKEYSIZE": "128",
        "SCRIPT_FILENAME": "\/home\/u218702675\/domains\/crm.zingbot.io\/public_html\/api\/external\/webhook_receiver_dynamic.php",
        "QUERY_STRING": "org_id=10&conn_id=47674d8c390bb72696198f81797f238f&api_key=1e3d1ca5c5fe8226550f05824b3b9b83c152dafc4ccb665f30bb798693671fd4",
        "SCRIPT_URI": "https:\/\/crm.zingbot.io\/api\/external\/webhook_receiver_dynamic.php",
        "SCRIPT_URL": "\/api\/external\/webhook_receiver_dynamic.php",
        "SCRIPT_NAME": "\/api\/external\/webhook_receiver_dynamic.php",
        "SERVER_PROTOCOL": "HTTP\/1.1",
        "SERVER_SOFTWARE": "LiteSpeed",
        "REQUEST_METHOD": "POST",
        "X-LSCACHE": "on,crawler,esi,combine",
        "PHP_SELF": "\/api\/external\/webhook_receiver_dynamic.php",
        "REQUEST_TIME_FLOAT": 1780167159.817282,
        "REQUEST_TIME": 1780167159,
        "APP_ENV": "production",
        "APP_URL": "https:\/\/crm.zingbot.io\/",
        "PROJECT_ROOT": "",
        "DB_HOST": "localhost",
        "DB_NAME": "u218702675_crmfinal",
        "DB_USER": "u218702675_crmfinal",
        "DB_PASS": "Digi2025#",
        "RAZORPAY_KEY_ID": "rzp_live_SJbdrFprulNq1x",
        "RAZORPAY_KEY_SECRET": "wEtQV8qS3l8Wun8WtDNRrdpQ",
        "ADMIN_PASSWORD": "admin123"
    }
}