{
    "datetime": "2026-05-28T17:39:48+00:00",
    "org_id": 10,
    "conn_id": "47674d8c390bb72696198f81797f238f",
    "api_key": "1e3d1ca5c5fe8226550f05824b3b9b83c152dafc4ccb665f30bb798693671fd4",
    "data": {
        "id": "83",
        "full_name": "Nivedhapriya",
        "email": "anaedifyyt@gmail.com",
        "phone": "8098790978",
        "company": "ANA EDIFY",
        "budget": "50k-1l",
        "website": "https:\/\/anaedify.com\/",
        "message": "Hi, I\u2019m looking to scale my online course sales through digital marketing.\r\nMy main goal is to generate high-quality leads that convert into enrollments.\r\nI\u2019m looking for conversion-focused ad campaigns and strong lead generation strategies.\r\nI also want support in improving landing pages and sales funnels.\r\nThe focus should be on consistent sales growth and better ROI.\r\nI\u2019d like to work with a team that values quality results and performance tracking.",
        "ip_address": "103.160.216.177",
        "user_agent": "Mozilla\/5.0 (Linux; Android 15; CPH2525 Build\/AP3A.240617.008; wv) AppleWebKit\/537.36 (KHTML, like Gecko) Version\/4.0 Chrome\/148.0.7778.178 Mobile Safari\/537.36 [FB_IAB\/FB4A;FBAV\/562.0.0.53.83;]",
        "submitted_at": "2026-05-28 17:39:48"
    },
    "raw": "{\"id\":\"83\",\"full_name\":\"Nivedhapriya\",\"email\":\"anaedifyyt@gmail.com\",\"phone\":\"8098790978\",\"company\":\"ANA EDIFY\",\"budget\":\"50k-1l\",\"website\":\"https:\\\/\\\/anaedify.com\\\/\",\"message\":\"Hi, I\\u2019m looking to scale my online course sales through digital marketing.\\r\\nMy main goal is to generate high-quality leads that convert into enrollments.\\r\\nI\\u2019m looking for conversion-focused ad campaigns and strong lead generation strategies.\\r\\nI also want support in improving landing pages and sales funnels.\\r\\nThe focus should be on consistent sales growth and better ROI.\\r\\nI\\u2019d like to work with a team that values quality results and performance tracking.\",\"ip_address\":\"103.160.216.177\",\"user_agent\":\"Mozilla\\\/5.0 (Linux; Android 15; CPH2525 Build\\\/AP3A.240617.008; wv) AppleWebKit\\\/537.36 (KHTML, like Gecko) Version\\\/4.0 Chrome\\\/148.0.7778.178 Mobile Safari\\\/537.36 [FB_IAB\\\/FB4A;FBAV\\\/562.0.0.53.83;]\",\"submitted_at\":\"2026-05-28 17:39:48\"}",
    "server": {
        "LSPHP_ProcessGroup": "on",
        "PATH": "\/usr\/local\/bin:\/bin:\/usr\/bin",
        "HTTP_ACCEPT": "*\/*",
        "HTTP_ACCEPT_ENCODING": "gzip, br",
        "CONTENT_TYPE": "application\/json",
        "CONTENT_LENGTH": "947",
        "HTTP_HOST": "crm.zingbot.io",
        "HTTP_X_FORWARDED_FOR": "2a02:4780:11:1508:0:d09:2353:1",
        "HTTP_CF_RAY": "a02f0a736f603d3c-BOM",
        "HTTP_CDN_LOOP": "cloudflare; loops=1",
        "HTTP_CF_CONNECTING_IP": "2a02:4780:11:1508:0:d09:2353:1",
        "HTTP_CF_IPCOUNTRY": "IN",
        "HTTP_CF_VISITOR": "{\"scheme\":\"https\"}",
        "HTTP_X_FORWARDED_PROTO": "https",
        "DOCUMENT_ROOT": "\/home\/u218702675\/domains\/crm.zingbot.io\/public_html",
        "REMOTE_ADDR": "2a02:4780:11:1508:0:d09:2353:1",
        "REMOTE_PORT": "13627",
        "SERVER_ADDR": "91.108.107.48",
        "SERVER_NAME": "crm.zingbot.io",
        "SERVER_ADMIN": "",
        "SERVER_PORT": "443",
        "REQUEST_SCHEME": "https",
        "REQUEST_URI": "\/api\/external\/webhook_receiver_dynamic.php?org_id=10&conn_id=47674d8c390bb72696198f81797f238f&api_key=1e3d1ca5c5fe8226550f05824b3b9b83c152dafc4ccb665f30bb798693671fd4",
        "PROXY_REMOTE_ADDR": "172.69.179.212",
        "FRONTEND_CDN": "CF",
        "HTTPS": "on",
        "CRAWLER_USLEEP": "1000",
        "CRAWLER_LOAD_LIMIT_ENFORCE": "25",
        "H_PLATFORM": "Hostinger",
        "H_TYPE": "shared",
        "H_CANARY": "false",
        "H_STAGING": "false",
        "ratelimited_meta_externalagent": "1",
        "ratelimited_gptbot": "1",
        "ratelimited_chrome_88": "1",
        "X_SPDY": "HTTP2",
        "SSL_PROTOCOL": "TLSv1.3",
        "SSL_CIPHER": "TLS_AES_128_GCM_SHA256",
        "SSL_CIPHER_USEKEYSIZE": "128",
        "SSL_CIPHER_ALGKEYSIZE": "128",
        "SCRIPT_FILENAME": "\/home\/u218702675\/domains\/crm.zingbot.io\/public_html\/api\/external\/webhook_receiver_dynamic.php",
        "QUERY_STRING": "org_id=10&conn_id=47674d8c390bb72696198f81797f238f&api_key=1e3d1ca5c5fe8226550f05824b3b9b83c152dafc4ccb665f30bb798693671fd4",
        "SCRIPT_URI": "https:\/\/crm.zingbot.io\/api\/external\/webhook_receiver_dynamic.php",
        "SCRIPT_URL": "\/api\/external\/webhook_receiver_dynamic.php",
        "SCRIPT_NAME": "\/api\/external\/webhook_receiver_dynamic.php",
        "SERVER_PROTOCOL": "HTTP\/1.1",
        "SERVER_SOFTWARE": "LiteSpeed",
        "REQUEST_METHOD": "POST",
        "X-LSCACHE": "on,crawler,esi,combine",
        "PHP_SELF": "\/api\/external\/webhook_receiver_dynamic.php",
        "REQUEST_TIME_FLOAT": 1779989988.518938,
        "REQUEST_TIME": 1779989988,
        "APP_ENV": "production",
        "APP_URL": "https:\/\/crm.zingbot.io\/",
        "PROJECT_ROOT": "",
        "DB_HOST": "localhost",
        "DB_NAME": "u218702675_crmfinal",
        "DB_USER": "u218702675_crmfinal",
        "DB_PASS": "Digi2025#",
        "RAZORPAY_KEY_ID": "rzp_live_SJbdrFprulNq1x",
        "RAZORPAY_KEY_SECRET": "wEtQV8qS3l8Wun8WtDNRrdpQ",
        "ADMIN_PASSWORD": "admin123"
    }
}