{
    "datetime": "2026-02-24T17:17:01+00:00",
    "org_id": 12,
    "conn_id": "0b2ab0bd86d94d646fb15872d0e8ea86",
    "api_key": "43d0415d9e34d1c2c1923f85ed6160fdc9cd3394391370d8bf4d01539a142f11",
    "data": {
        "name": "Prasanth",
        "email": "prasanth63740@gmail.com",
        "phone": 7339634807,
        "city": "Coimbatore",
        "qualification": "azsz"
    },
    "raw": "{\"name\":\"Prasanth\",\"email\":\"prasanth63740@gmail.com\",\"phone\":7339634807,\"city\":\"Coimbatore\",\"qualification\":\"azsz\"}",
    "server": {
        "LSPHP_ProcessGroup": "on",
        "PATH": "\/usr\/local\/bin:\/bin:\/usr\/bin",
        "HTTP_ACCEPT_ENCODING": "gzip, br",
        "CONTENT_TYPE": "application\/json",
        "CONTENT_LENGTH": "115",
        "HTTP_HOST": "crm.zingbot.io",
        "HTTP_USER_AGENT": "Mozilla\/5.0 (compatible; Google-Apps-Script; beanserver; +https:\/\/script.google.com; id: UAEmdDd8PLePZTkJQdn2pmv-9NEIuTa7NTqI)",
        "HTTP_X_FORWARDED_FOR": "2405:201:e015:cf:dd2b:12af:7797:ce70,35.187.134.104",
        "HTTP_X_FORWARDED_PROTO": "https",
        "HTTP_CF_RAY": "9d309d2d39441723-ATL",
        "HTTP_CF_VISITOR": "{\"scheme\":\"https\"}",
        "HTTP_CDN_LOOP": "cloudflare; loops=1",
        "HTTP_CF_CONNECTING_IP": "35.187.134.104",
        "HTTP_CF_IPCOUNTRY": "US",
        "DOCUMENT_ROOT": "\/home\/u218702675\/domains\/crm.zingbot.io\/public_html",
        "REMOTE_ADDR": "35.187.134.104",
        "REMOTE_PORT": "10072",
        "SERVER_ADDR": "91.108.107.48",
        "SERVER_NAME": "crm.zingbot.io",
        "SERVER_ADMIN": "",
        "SERVER_PORT": "443",
        "REQUEST_SCHEME": "https",
        "REQUEST_URI": "\/api\/external\/webhook_receiver_dynamic.php?org_id=12&conn_id=0b2ab0bd86d94d646fb15872d0e8ea86&api_key=43d0415d9e34d1c2c1923f85ed6160fdc9cd3394391370d8bf4d01539a142f11",
        "PROXY_REMOTE_ADDR": "104.22.24.81",
        "FRONTEND_CDN": "CF",
        "HTTPS": "on",
        "CRAWLER_USLEEP": "1000",
        "CRAWLER_LOAD_LIMIT_ENFORCE": "25",
        "H_PLATFORM": "Hostinger",
        "H_TYPE": "shared",
        "H_CANARY": "false",
        "H_STAGING": "false",
        "ratelimited_meta_externalagent": "1",
        "UNIQUE_ID": "pEVm8YHLfrsXD52M3@JbOZbI",
        "X_SPDY": "HTTP2",
        "SSL_PROTOCOL": "TLSv1.3",
        "SSL_CIPHER": "TLS_AES_128_GCM_SHA256",
        "SSL_CIPHER_USEKEYSIZE": "128",
        "SSL_CIPHER_ALGKEYSIZE": "128",
        "SCRIPT_FILENAME": "\/home\/u218702675\/domains\/crm.zingbot.io\/public_html\/api\/external\/webhook_receiver_dynamic.php",
        "QUERY_STRING": "org_id=12&conn_id=0b2ab0bd86d94d646fb15872d0e8ea86&api_key=43d0415d9e34d1c2c1923f85ed6160fdc9cd3394391370d8bf4d01539a142f11",
        "SCRIPT_URI": "https:\/\/crm.zingbot.io\/api\/external\/webhook_receiver_dynamic.php",
        "SCRIPT_URL": "\/api\/external\/webhook_receiver_dynamic.php",
        "SCRIPT_NAME": "\/api\/external\/webhook_receiver_dynamic.php",
        "SERVER_PROTOCOL": "HTTP\/1.1",
        "SERVER_SOFTWARE": "LiteSpeed",
        "REQUEST_METHOD": "POST",
        "X-LSCACHE": "on,crawler,esi,combine",
        "PHP_SELF": "\/api\/external\/webhook_receiver_dynamic.php",
        "REQUEST_TIME_FLOAT": 1771953421.212785,
        "REQUEST_TIME": 1771953421,
        "APP_ENV": "production",
        "APP_URL": "https:\/\/crm.zingbot.io",
        "PROJECT_ROOT": "",
        "DB_HOST": "localhost",
        "DB_NAME": "u218702675_crmfinal",
        "DB_USER": "u218702675_crmfinal",
        "DB_PASS": "Digi2025#",
        "RAZORPAY_KEY_ID": "rzp_live_SJbdrFprulNq1x",
        "RAZORPAY_KEY_SECRET": "wEtQV8qS3l8Wun8WtDNRrdpQ",
        "ADMIN_PASSWORD": "admin123"
    }
}