{
    "datetime": "2026-03-19T19:55:03+00:00",
    "org_id": 12,
    "conn_id": "fcc267ed32e9bac73892e51058a3e14f",
    "api_key": "43d0415d9e34d1c2c1923f85ed6160fdc9cd3394391370d8bf4d01539a142f11",
    "data": {
        "id": "l:2389496561497633",
        "created_time": "2026-03-19T14:54:35-05:00",
        "ad_id": "ag:120242731419190287",
        "ad_name": "TECH_ARA_VIDEO_S_v09 3",
        "adset_id": "as:120242731419210287",
        "adset_name": "B2B",
        "campaign_id": "c:120242731419200287",
        "campaign_name": "TA_Leads_B2B_Mar'25",
        "form_id": "f:4363460960647883",
        "form_name": "Techara_B2B_Mar'25",
        "is_organic": "false",
        "platform": "ig",
        "company_name": "DRS EXIM INTERNATIONAL",
        "full_name": "Damodaran P",
        "email": "damodaran1691980@gmail.com",
        "phone_number": "p:+918122357163",
        "city": "Chennai anna nagar\/Kolathur",
        "lead_status": "CREATED",
        "crm_status": ""
    },
    "raw": "{\"id\":\"l:2389496561497633\",\"created_time\":\"2026-03-19T14:54:35-05:00\",\"ad_id\":\"ag:120242731419190287\",\"ad_name\":\"TECH_ARA_VIDEO_S_v09 3\",\"adset_id\":\"as:120242731419210287\",\"adset_name\":\"B2B\",\"campaign_id\":\"c:120242731419200287\",\"campaign_name\":\"TA_Leads_B2B_Mar'25\",\"form_id\":\"f:4363460960647883\",\"form_name\":\"Techara_B2B_Mar'25\",\"is_organic\":\"false\",\"platform\":\"ig\",\"company_name\":\"DRS EXIM INTERNATIONAL\",\"full_name\":\"Damodaran P\",\"email\":\"damodaran1691980@gmail.com\",\"phone_number\":\"p:+918122357163\",\"city\":\"Chennai anna nagar\/Kolathur\",\"lead_status\":\"CREATED\",\"crm_status\":\"\"}",
    "server": {
        "LSPHP_ProcessGroup": "on",
        "PATH": "\/usr\/local\/bin:\/bin:\/usr\/bin",
        "HTTP_ACCEPT_ENCODING": "gzip, br",
        "CONTENT_TYPE": "application\/json",
        "CONTENT_LENGTH": "580",
        "HTTP_HOST": "crm.zingbot.io",
        "HTTP_USER_AGENT": "Mozilla\/5.0 (compatible; Google-Apps-Script; beanserver; +https:\/\/script.google.com; id: UAEmdDd866qoLx0SxoDNSVQZFMKbeRqpV6Q)",
        "HTTP_X_FORWARDED_FOR": "107.178.192.8",
        "HTTP_CF_RAY": "9def084d1869db3c-IAD",
        "HTTP_X_FORWARDED_PROTO": "https",
        "HTTP_CDN_LOOP": "cloudflare; loops=1",
        "HTTP_CF_CONNECTING_IP": "107.178.192.8",
        "HTTP_CF_IPCOUNTRY": "US",
        "HTTP_CF_VISITOR": "{\"scheme\":\"https\"}",
        "DOCUMENT_ROOT": "\/home\/u218702675\/domains\/crm.zingbot.io\/public_html",
        "REMOTE_ADDR": "107.178.192.8",
        "REMOTE_PORT": "9757",
        "SERVER_ADDR": "91.108.107.48",
        "SERVER_NAME": "crm.zingbot.io",
        "SERVER_ADMIN": "",
        "SERVER_PORT": "443",
        "REQUEST_SCHEME": "https",
        "REQUEST_URI": "\/api\/external\/webhook_receiver_dynamic.php?org_id=12&conn_id=fcc267ed32e9bac73892e51058a3e14f&api_key=43d0415d9e34d1c2c1923f85ed6160fdc9cd3394391370d8bf4d01539a142f11",
        "PROXY_REMOTE_ADDR": "104.23.211.91",
        "FRONTEND_CDN": "CF",
        "HTTPS": "on",
        "CRAWLER_USLEEP": "1000",
        "CRAWLER_LOAD_LIMIT_ENFORCE": "25",
        "H_PLATFORM": "Hostinger",
        "H_TYPE": "shared",
        "H_CANARY": "false",
        "H_STAGING": "false",
        "ratelimited_meta_externalagent": "1",
        "ratelimited_gptbot": "1",
        "UNIQUE_ID": "cWIlrxkP8uGsEqUP0BFtFhpX",
        "X_SPDY": "HTTP2",
        "SSL_PROTOCOL": "TLSv1.3",
        "SSL_CIPHER": "TLS_AES_128_GCM_SHA256",
        "SSL_CIPHER_USEKEYSIZE": "128",
        "SSL_CIPHER_ALGKEYSIZE": "128",
        "SCRIPT_FILENAME": "\/home\/u218702675\/domains\/crm.zingbot.io\/public_html\/api\/external\/webhook_receiver_dynamic.php",
        "QUERY_STRING": "org_id=12&conn_id=fcc267ed32e9bac73892e51058a3e14f&api_key=43d0415d9e34d1c2c1923f85ed6160fdc9cd3394391370d8bf4d01539a142f11",
        "SCRIPT_URI": "https:\/\/crm.zingbot.io\/api\/external\/webhook_receiver_dynamic.php",
        "SCRIPT_URL": "\/api\/external\/webhook_receiver_dynamic.php",
        "SCRIPT_NAME": "\/api\/external\/webhook_receiver_dynamic.php",
        "SERVER_PROTOCOL": "HTTP\/1.1",
        "SERVER_SOFTWARE": "LiteSpeed",
        "REQUEST_METHOD": "POST",
        "X-LSCACHE": "on,crawler,esi,combine",
        "PHP_SELF": "\/api\/external\/webhook_receiver_dynamic.php",
        "REQUEST_TIME_FLOAT": 1773950103.313266,
        "REQUEST_TIME": 1773950103,
        "APP_ENV": "production",
        "APP_URL": "https:\/\/crm.zingbot.io",
        "PROJECT_ROOT": "",
        "DB_HOST": "localhost",
        "DB_NAME": "u218702675_crmfinal",
        "DB_USER": "u218702675_crmfinal",
        "DB_PASS": "Digi2025#",
        "RAZORPAY_KEY_ID": "rzp_live_SJbdrFprulNq1x",
        "RAZORPAY_KEY_SECRET": "wEtQV8qS3l8Wun8WtDNRrdpQ",
        "ADMIN_PASSWORD": "admin123"
    }
}