{
    "datetime": "2026-03-05T09:32:15+00:00",
    "org_id": 10,
    "conn_id": "47674d8c390bb72696198f81797f238f",
    "api_key": "1e3d1ca5c5fe8226550f05824b3b9b83c152dafc4ccb665f30bb798693671fd4",
    "data": {
        "id": 7,
        "full_name": "Kavin",
        "email": "pranav.kp2303@gmail.com",
        "phone": "+918344887281",
        "company": "Fresher",
        "budget": "4l-8l",
        "website": "http:\/\/localhost:8000 (or http:\/\/127.0.0.1:8000)",
        "message": "Smart Home Energy Behavior Analytics Dashboard\r\nTechnologies: Python, FastAPI, JavaScript, TailwindCSS, SQLite, Chart.js, JWT, Regex\r\n\r\nBuilt a full-stack energy monitoring system to analyze, visualize, and predict home electricity consumption using real-time simulated data and interactive dashboard components.\r\nDeveloped an AI Cost Predictor that algorithmically estimates upcoming monthly electricity bills based on user appliance inventory, achieving an 88% confidence score.\r\nEngineered a big-data visualization pipeline using a custom downsampling algorithm to seamlessly render over 100,000 data points in the browser via Chart.js without latency.\r\nCreated an automated PDF bill extraction tool using Python (pypdf and Regex) to instantly extract \"Units Consumed\" and \"Total Amount\" from uploaded electricity bills.\r\nImplemented secure user authentication using PBKDF2-SHA256 password hashing and JWT (JSON Web Tokens) for safe session management.\r\nDesigned a premium 'glassmorphism' responsive UI enabling users to manage appliance registries and compare energy savings through an interactive \"What-If\" calculator.",
        "ip_address": "2401:4900:cacc:bbdd:346:ffbc:e119:47f3",
        "user_agent": "Mozilla\/5.0 (Linux; Android 16; CPH2717 Build\/BP2A.250605.015; wv) AppleWebKit\/537.36 (KHTML, like Gecko) Version\/4.0 Chrome\/145.0.7632.113 Mobile Safari\/537.36 Instagram 418.0.0.51.77 Android (36\/16; 480dpi; 1080x2392; OnePlus; CPH2717; OP613BL1; mt6897; en_GB; 891072510; IABMV\/1)",
        "submitted_at": "2026-03-04 17:23:45",
        "sync_type": "historical_sync"
    },
    "raw": "{\"id\":7,\"full_name\":\"Kavin\",\"email\":\"pranav.kp2303@gmail.com\",\"phone\":\"+918344887281\",\"company\":\"Fresher\",\"budget\":\"4l-8l\",\"website\":\"http:\\\/\\\/localhost:8000 (or http:\\\/\\\/127.0.0.1:8000)\",\"message\":\"Smart Home Energy Behavior Analytics Dashboard\\r\\nTechnologies: Python, FastAPI, JavaScript, TailwindCSS, SQLite, Chart.js, JWT, Regex\\r\\n\\r\\nBuilt a full-stack energy monitoring system to analyze, visualize, and predict home electricity consumption using real-time simulated data and interactive dashboard components.\\r\\nDeveloped an AI Cost Predictor that algorithmically estimates upcoming monthly electricity bills based on user appliance inventory, achieving an 88% confidence score.\\r\\nEngineered a big-data visualization pipeline using a custom downsampling algorithm to seamlessly render over 100,000 data points in the browser via Chart.js without latency.\\r\\nCreated an automated PDF bill extraction tool using Python (pypdf and Regex) to instantly extract \\\"Units Consumed\\\" and \\\"Total Amount\\\" from uploaded electricity bills.\\r\\nImplemented secure user authentication using PBKDF2-SHA256 password hashing and JWT (JSON Web Tokens) for safe session management.\\r\\nDesigned a premium 'glassmorphism' responsive UI enabling users to manage appliance registries and compare energy savings through an interactive \\\"What-If\\\" calculator.\",\"ip_address\":\"2401:4900:cacc:bbdd:346:ffbc:e119:47f3\",\"user_agent\":\"Mozilla\\\/5.0 (Linux; Android 16; CPH2717 Build\\\/BP2A.250605.015; wv) AppleWebKit\\\/537.36 (KHTML, like Gecko) Version\\\/4.0 Chrome\\\/145.0.7632.113 Mobile Safari\\\/537.36 Instagram 418.0.0.51.77 Android (36\\\/16; 480dpi; 1080x2392; OnePlus; CPH2717; OP613BL1; mt6897; en_GB; 891072510; IABMV\\\/1)\",\"submitted_at\":\"2026-03-04 17:23:45\",\"sync_type\":\"historical_sync\"}",
    "server": {
        "LSPHP_ProcessGroup": "on",
        "PATH": "\/usr\/local\/bin:\/bin:\/usr\/bin",
        "HTTP_ACCEPT": "*\/*",
        "HTTP_ACCEPT_ENCODING": "gzip, br",
        "CONTENT_TYPE": "application\/json",
        "CONTENT_LENGTH": "1773",
        "HTTP_HOST": "crm.zingbot.io",
        "HTTP_X_FORWARDED_FOR": "2a02:4780:11:1508:0:d09:2353:1",
        "HTTP_CF_RAY": "9d781cc57e61f487-BOM",
        "HTTP_CDN_LOOP": "cloudflare; loops=1",
        "HTTP_CF_CONNECTING_IP": "2a02:4780:11:1508:0:d09:2353:1",
        "HTTP_CF_IPCOUNTRY": "IN",
        "HTTP_CF_VISITOR": "{\"scheme\":\"https\"}",
        "HTTP_X_FORWARDED_PROTO": "https",
        "DOCUMENT_ROOT": "\/home\/u218702675\/domains\/crm.zingbot.io\/public_html",
        "REMOTE_ADDR": "2a02:4780:11:1508:0:d09:2353:1",
        "REMOTE_PORT": "13075",
        "SERVER_ADDR": "91.108.107.48",
        "SERVER_NAME": "crm.zingbot.io",
        "SERVER_ADMIN": "",
        "SERVER_PORT": "443",
        "REQUEST_SCHEME": "https",
        "REQUEST_URI": "\/api\/external\/webhook_receiver_dynamic.php?org_id=10&conn_id=47674d8c390bb72696198f81797f238f&api_key=1e3d1ca5c5fe8226550f05824b3b9b83c152dafc4ccb665f30bb798693671fd4",
        "PROXY_REMOTE_ADDR": "172.71.198.165",
        "FRONTEND_CDN": "CF",
        "HTTPS": "on",
        "CRAWLER_USLEEP": "1000",
        "CRAWLER_LOAD_LIMIT_ENFORCE": "25",
        "H_PLATFORM": "Hostinger",
        "H_TYPE": "shared",
        "H_CANARY": "false",
        "H_STAGING": "false",
        "ratelimited_meta_externalagent": "1",
        "UNIQUE_ID": "oDo3aOn79dSFPo0QS9iqtB72",
        "X_SPDY": "HTTP2",
        "SSL_PROTOCOL": "TLSv1.3",
        "SSL_CIPHER": "TLS_AES_128_GCM_SHA256",
        "SSL_CIPHER_USEKEYSIZE": "128",
        "SSL_CIPHER_ALGKEYSIZE": "128",
        "SCRIPT_FILENAME": "\/home\/u218702675\/domains\/crm.zingbot.io\/public_html\/api\/external\/webhook_receiver_dynamic.php",
        "QUERY_STRING": "org_id=10&conn_id=47674d8c390bb72696198f81797f238f&api_key=1e3d1ca5c5fe8226550f05824b3b9b83c152dafc4ccb665f30bb798693671fd4",
        "SCRIPT_URI": "https:\/\/crm.zingbot.io\/api\/external\/webhook_receiver_dynamic.php",
        "SCRIPT_URL": "\/api\/external\/webhook_receiver_dynamic.php",
        "SCRIPT_NAME": "\/api\/external\/webhook_receiver_dynamic.php",
        "SERVER_PROTOCOL": "HTTP\/1.1",
        "SERVER_SOFTWARE": "LiteSpeed",
        "REQUEST_METHOD": "POST",
        "X-LSCACHE": "on,crawler,esi,combine",
        "PHP_SELF": "\/api\/external\/webhook_receiver_dynamic.php",
        "REQUEST_TIME_FLOAT": 1772703135.625291,
        "REQUEST_TIME": 1772703135,
        "APP_ENV": "production",
        "APP_URL": "https:\/\/crm.zingbot.io",
        "PROJECT_ROOT": "",
        "DB_HOST": "localhost",
        "DB_NAME": "u218702675_crmfinal",
        "DB_USER": "u218702675_crmfinal",
        "DB_PASS": "Digi2025#",
        "RAZORPAY_KEY_ID": "rzp_live_SJbdrFprulNq1x",
        "RAZORPAY_KEY_SECRET": "wEtQV8qS3l8Wun8WtDNRrdpQ",
        "ADMIN_PASSWORD": "admin123"
    }
}