{
    "datetime": "2026-03-07T14:02:10+00:00",
    "org_id": 10,
    "conn_id": "47674d8c390bb72696198f81797f238f",
    "api_key": "1e3d1ca5c5fe8226550f05824b3b9b83c152dafc4ccb665f30bb798693671fd4",
    "data": {
        "id": "25",
        "full_name": "Battula pramod Mahajan",
        "email": "battulapramodmahajan@gmail.com",
        "phone": "9493395943",
        "company": "Javita consultancy Hyderabad",
        "budget": "4l-8l",
        "website": "https:\/\/youtube.com\/@balakishoretelugu?si=jmpgNIaLedt2ZPZe",
        "message": "I am a video editor and video grapher",
        "ip_address": "223.185.46.103",
        "user_agent": "Mozilla\/5.0 (Linux; Android 13; LAVA LZX408 Build\/TP1A.220624.014; wv) AppleWebKit\/537.36 (KHTML, like Gecko) Version\/4.0 Chrome\/145.0.7632.103 Mobile Safari\/537.36 Instagram 417.0.0.54.77 Android (33\/13; 272dpi; 720x1600; LAVA; LAVA LZX408; LZX408; mt6765; en_IN; 891072280; IABMV\/1)",
        "submitted_at": "2026-03-07 14:02:10"
    },
    "raw": "{\"id\":\"25\",\"full_name\":\"Battula pramod Mahajan\",\"email\":\"battulapramodmahajan@gmail.com\",\"phone\":\"9493395943\",\"company\":\"Javita consultancy Hyderabad\",\"budget\":\"4l-8l\",\"website\":\"https:\\\/\\\/youtube.com\\\/@balakishoretelugu?si=jmpgNIaLedt2ZPZe\",\"message\":\"I am a video editor and video grapher\",\"ip_address\":\"223.185.46.103\",\"user_agent\":\"Mozilla\\\/5.0 (Linux; Android 13; LAVA LZX408 Build\\\/TP1A.220624.014; wv) AppleWebKit\\\/537.36 (KHTML, like Gecko) Version\\\/4.0 Chrome\\\/145.0.7632.103 Mobile Safari\\\/537.36 Instagram 417.0.0.54.77 Android (33\\\/13; 272dpi; 720x1600; LAVA; LAVA LZX408; LZX408; mt6765; en_IN; 891072280; IABMV\\\/1)\",\"submitted_at\":\"2026-03-07 14:02:10\"}",
    "server": {
        "LSPHP_ProcessGroup": "on",
        "PATH": "\/usr\/local\/bin:\/bin:\/usr\/bin",
        "HTTP_ACCEPT": "*\/*",
        "HTTP_ACCEPT_ENCODING": "gzip, br",
        "CONTENT_TYPE": "application\/json",
        "CONTENT_LENGTH": "667",
        "HTTP_HOST": "crm.zingbot.io",
        "HTTP_X_FORWARDED_FOR": "2a02:4780:11:1508:0:d09:2353:1",
        "HTTP_CF_RAY": "9d8a22e85d3ea0b4-BOM",
        "HTTP_CDN_LOOP": "cloudflare; loops=1",
        "HTTP_CF_CONNECTING_IP": "2a02:4780:11:1508:0:d09:2353:1",
        "HTTP_CF_IPCOUNTRY": "IN",
        "HTTP_CF_VISITOR": "{\"scheme\":\"https\"}",
        "HTTP_X_FORWARDED_PROTO": "https",
        "DOCUMENT_ROOT": "\/home\/u218702675\/domains\/crm.zingbot.io\/public_html",
        "REMOTE_ADDR": "2a02:4780:11:1508:0:d09:2353:1",
        "REMOTE_PORT": "12891",
        "SERVER_ADDR": "91.108.107.48",
        "SERVER_NAME": "crm.zingbot.io",
        "SERVER_ADMIN": "",
        "SERVER_PORT": "443",
        "REQUEST_SCHEME": "https",
        "REQUEST_URI": "\/api\/external\/webhook_receiver_dynamic.php?org_id=10&conn_id=47674d8c390bb72696198f81797f238f&api_key=1e3d1ca5c5fe8226550f05824b3b9b83c152dafc4ccb665f30bb798693671fd4",
        "PROXY_REMOTE_ADDR": "162.158.227.185",
        "FRONTEND_CDN": "CF",
        "HTTPS": "on",
        "CRAWLER_USLEEP": "1000",
        "CRAWLER_LOAD_LIMIT_ENFORCE": "25",
        "H_PLATFORM": "Hostinger",
        "H_TYPE": "shared",
        "H_CANARY": "false",
        "H_STAGING": "false",
        "ratelimited_meta_externalagent": "1",
        "UNIQUE_ID": "dQkuookgjLM7AVgh1TBxFY0Y",
        "X_SPDY": "HTTP2",
        "SSL_PROTOCOL": "TLSv1.3",
        "SSL_CIPHER": "TLS_AES_128_GCM_SHA256",
        "SSL_CIPHER_USEKEYSIZE": "128",
        "SSL_CIPHER_ALGKEYSIZE": "128",
        "SCRIPT_FILENAME": "\/home\/u218702675\/domains\/crm.zingbot.io\/public_html\/api\/external\/webhook_receiver_dynamic.php",
        "QUERY_STRING": "org_id=10&conn_id=47674d8c390bb72696198f81797f238f&api_key=1e3d1ca5c5fe8226550f05824b3b9b83c152dafc4ccb665f30bb798693671fd4",
        "SCRIPT_URI": "https:\/\/crm.zingbot.io\/api\/external\/webhook_receiver_dynamic.php",
        "SCRIPT_URL": "\/api\/external\/webhook_receiver_dynamic.php",
        "SCRIPT_NAME": "\/api\/external\/webhook_receiver_dynamic.php",
        "SERVER_PROTOCOL": "HTTP\/1.1",
        "SERVER_SOFTWARE": "LiteSpeed",
        "REQUEST_METHOD": "POST",
        "X-LSCACHE": "on,crawler,esi,combine",
        "PHP_SELF": "\/api\/external\/webhook_receiver_dynamic.php",
        "REQUEST_TIME_FLOAT": 1772892130.736665,
        "REQUEST_TIME": 1772892130,
        "APP_ENV": "production",
        "APP_URL": "https:\/\/crm.zingbot.io",
        "PROJECT_ROOT": "",
        "DB_HOST": "localhost",
        "DB_NAME": "u218702675_crmfinal",
        "DB_USER": "u218702675_crmfinal",
        "DB_PASS": "Digi2025#",
        "RAZORPAY_KEY_ID": "rzp_live_SJbdrFprulNq1x",
        "RAZORPAY_KEY_SECRET": "wEtQV8qS3l8Wun8WtDNRrdpQ",
        "ADMIN_PASSWORD": "admin123"
    }
}