{"timestamp":"2026-02-09 07:46:54","level":"WARNING","message":"Failed login attempt","context":{"email":"ADMIN@EXAMPLE.COM","ip":"::1"},"ip":"::1","uri":"\/crm-final\/api\/auth\/login.php","method":"POST"}
{"timestamp":"2026-02-09 07:46:54","level":"ERROR","message":"Invalid credentials","context":{"code":401,"errors":null,"uri":"\/crm-final\/api\/auth\/login.php"},"ip":"::1","uri":"\/crm-final\/api\/auth\/login.php","method":"POST"}
{"timestamp":"2026-02-09 07:46:56","level":"WARNING","message":"Failed login attempt","context":{"email":"ADMIN@EXAMPLE.COM","ip":"::1"},"ip":"::1","uri":"\/crm-final\/api\/auth\/login.php","method":"POST"}
{"timestamp":"2026-02-09 07:46:56","level":"ERROR","message":"Invalid credentials","context":{"code":401,"errors":null,"uri":"\/crm-final\/api\/auth\/login.php"},"ip":"::1","uri":"\/crm-final\/api\/auth\/login.php","method":"POST"}
{"timestamp":"2026-02-09 07:47:48","level":"INFO","message":"User logged in","context":{"user_id":10,"email":"prashanth@digifyce.com","ip":"::1"},"ip":"::1","uri":"\/crm-final\/api\/auth\/login.php","method":"POST"}
{"timestamp":"2026-02-09 08:07:17","level":"INFO","message":"User logged in","context":{"user_id":10,"email":"prashanth@digifyce.com","ip":"::1"},"ip":"::1","uri":"\/crm-final\/api\/auth\/login.php","method":"POST"}
{"timestamp":"2026-02-09 08:20:52","level":"WARNING","message":"Failed login attempt","context":{"email":"Prasanthsk1502@gmail.com","ip":"::1"},"ip":"::1","uri":"\/crm-final\/api\/auth\/login.php","method":"POST"}
{"timestamp":"2026-02-09 08:20:52","level":"ERROR","message":"Invalid credentials","context":{"code":401,"errors":null,"uri":"\/crm-final\/api\/auth\/login.php"},"ip":"::1","uri":"\/crm-final\/api\/auth\/login.php","method":"POST"}
{"timestamp":"2026-02-09 08:20:56","level":"WARNING","message":"Failed login attempt","context":{"email":"Prasanthsk1502@gmail.com","ip":"::1"},"ip":"::1","uri":"\/crm-final\/api\/auth\/login.php","method":"POST"}
{"timestamp":"2026-02-09 08:20:56","level":"ERROR","message":"Invalid credentials","context":{"code":401,"errors":null,"uri":"\/crm-final\/api\/auth\/login.php"},"ip":"::1","uri":"\/crm-final\/api\/auth\/login.php","method":"POST"}
{"timestamp":"2026-02-09 08:21:17","level":"WARNING","message":"Failed login attempt","context":{"email":"Prasanthsk1502@gmail.com","ip":"::1"},"ip":"::1","uri":"\/crm-final\/api\/auth\/login.php","method":"POST"}
{"timestamp":"2026-02-09 08:21:17","level":"ERROR","message":"Invalid credentials","context":{"code":401,"errors":null,"uri":"\/crm-final\/api\/auth\/login.php"},"ip":"::1","uri":"\/crm-final\/api\/auth\/login.php","method":"POST"}
{"timestamp":"2026-02-09 08:21:19","level":"WARNING","message":"Failed login attempt","context":{"email":"Prasanthsk1502@gmail.com","ip":"::1"},"ip":"::1","uri":"\/crm-final\/api\/auth\/login.php","method":"POST"}
{"timestamp":"2026-02-09 08:21:19","level":"ERROR","message":"Invalid credentials","context":{"code":401,"errors":null,"uri":"\/crm-final\/api\/auth\/login.php"},"ip":"::1","uri":"\/crm-final\/api\/auth\/login.php","method":"POST"}
{"timestamp":"2026-02-09 08:21:22","level":"WARNING","message":"Failed login attempt","context":{"email":"Prasanthsk1502@gmail.com","ip":"::1"},"ip":"::1","uri":"\/crm-final\/api\/auth\/login.php","method":"POST"}
{"timestamp":"2026-02-09 08:21:22","level":"ERROR","message":"Invalid credentials","context":{"code":401,"errors":null,"uri":"\/crm-final\/api\/auth\/login.php"},"ip":"::1","uri":"\/crm-final\/api\/auth\/login.php","method":"POST"}
{"timestamp":"2026-02-09 08:21:27","level":"INFO","message":"User logged in","context":{"user_id":10,"email":"prashanth@digifyce.com","ip":"::1"},"ip":"::1","uri":"\/crm-final\/api\/auth\/login.php","method":"POST"}
{"timestamp":"2026-02-09 08:21:48","level":"WARNING","message":"Failed login attempt","context":{"email":"Prasanthsk1502@gmail.com","ip":"::1"},"ip":"::1","uri":"\/crm-final\/api\/auth\/login.php","method":"POST"}
{"timestamp":"2026-02-09 08:21:48","level":"ERROR","message":"Invalid credentials","context":{"code":401,"errors":null,"uri":"\/crm-final\/api\/auth\/login.php"},"ip":"::1","uri":"\/crm-final\/api\/auth\/login.php","method":"POST"}
{"timestamp":"2026-02-09 08:21:54","level":"WARNING","message":"Failed login attempt","context":{"email":"Prasanthsk1502@gmail.com","ip":"::1"},"ip":"::1","uri":"\/crm-final\/api\/auth\/login.php","method":"POST"}
{"timestamp":"2026-02-09 08:21:54","level":"ERROR","message":"Invalid credentials","context":{"code":401,"errors":null,"uri":"\/crm-final\/api\/auth\/login.php"},"ip":"::1","uri":"\/crm-final\/api\/auth\/login.php","method":"POST"}
{"timestamp":"2026-02-09 08:21:57","level":"WARNING","message":"Failed login attempt","context":{"email":"Prasanthsk1502@gmail.com","ip":"::1"},"ip":"::1","uri":"\/crm-final\/api\/auth\/login.php","method":"POST"}
{"timestamp":"2026-02-09 08:21:57","level":"ERROR","message":"Invalid credentials","context":{"code":401,"errors":null,"uri":"\/crm-final\/api\/auth\/login.php"},"ip":"::1","uri":"\/crm-final\/api\/auth\/login.php","method":"POST"}
{"timestamp":"2026-02-09 08:22:32","level":"WARNING","message":"Failed login attempt","context":{"email":"Prasanthsk1502@gmail.com","ip":"::1"},"ip":"::1","uri":"\/crm-final\/api\/auth\/login.php","method":"POST"}
{"timestamp":"2026-02-09 08:22:32","level":"ERROR","message":"Invalid credentials","context":{"code":401,"errors":null,"uri":"\/crm-final\/api\/auth\/login.php"},"ip":"::1","uri":"\/crm-final\/api\/auth\/login.php","method":"POST"}
{"timestamp":"2026-02-09 08:25:18","level":"INFO","message":"User logged in","context":{"user_id":10,"email":"prashanth@digifyce.com","ip":"::1"},"ip":"::1","uri":"\/crm-final\/api\/auth\/login.php","method":"POST"}
{"timestamp":"2026-02-09 08:25:43","level":"WARNING","message":"Failed login attempt","context":{"email":"Prasanthsk1502@gmail.com","ip":"::1"},"ip":"::1","uri":"\/crm-final\/api\/auth\/login.php","method":"POST"}
{"timestamp":"2026-02-09 08:25:43","level":"ERROR","message":"Invalid credentials","context":{"code":401,"errors":null,"uri":"\/crm-final\/api\/auth\/login.php"},"ip":"::1","uri":"\/crm-final\/api\/auth\/login.php","method":"POST"}
{"timestamp":"2026-02-09 08:25:47","level":"WARNING","message":"Failed login attempt","context":{"email":"Prasanthsk1502@gmail.com","ip":"::1"},"ip":"::1","uri":"\/crm-final\/api\/auth\/login.php","method":"POST"}
{"timestamp":"2026-02-09 08:25:47","level":"ERROR","message":"Invalid credentials","context":{"code":401,"errors":null,"uri":"\/crm-final\/api\/auth\/login.php"},"ip":"::1","uri":"\/crm-final\/api\/auth\/login.php","method":"POST"}
{"timestamp":"2026-02-09 08:25:54","level":"WARNING","message":"Failed login attempt","context":{"email":"prasanthsk1502@gmail.com","ip":"::1"},"ip":"::1","uri":"\/crm-final\/api\/auth\/login.php","method":"POST"}
{"timestamp":"2026-02-09 08:25:54","level":"ERROR","message":"Invalid credentials","context":{"code":401,"errors":null,"uri":"\/crm-final\/api\/auth\/login.php"},"ip":"::1","uri":"\/crm-final\/api\/auth\/login.php","method":"POST"}
{"timestamp":"2026-02-09 08:26:41","level":"INFO","message":"User logged in","context":{"user_id":10,"email":"prashanth@digifyce.com","ip":"::1"},"ip":"::1","uri":"\/crm-final\/api\/auth\/login.php","method":"POST"}
{"timestamp":"2026-02-09 08:35:37","level":"INFO","message":"User logged in","context":{"user_id":68,"email":"Prasanthsk1502@gmail.com","ip":"::1"},"ip":"::1","uri":"\/crm-final\/api\/auth\/login.php","method":"POST"}
{"timestamp":"2026-02-09 08:38:43","level":"INFO","message":"User logged in","context":{"user_id":10,"email":"prashanth@digifyce.com","ip":"::1"},"ip":"::1","uri":"\/crm-final\/api\/auth\/login.php","method":"POST"}
{"timestamp":"2026-02-09 08:48:51","level":"INFO","message":"User logged in","context":{"user_id":68,"email":"Prasanthsk1502@gmail.com","ip":"::1"},"ip":"::1","uri":"\/crm-final\/api\/auth\/login.php","method":"POST"}
{"timestamp":"2026-02-09 08:49:55","level":"INFO","message":"User logged in","context":{"user_id":69,"email":"panda@gmail.com","ip":"::1"},"ip":"::1","uri":"\/crm-final\/api\/auth\/login.php","method":"POST"}
{"timestamp":"2026-02-09 09:01:35","level":"WARNING","message":"Failed login attempt","context":{"email":"pandashift@gmail.com","ip":"::1"},"ip":"::1","uri":"\/crm-final\/api\/auth\/login.php","method":"POST"}
{"timestamp":"2026-02-09 09:01:35","level":"ERROR","message":"Invalid credentials","context":{"code":401,"errors":null,"uri":"\/crm-final\/api\/auth\/login.php"},"ip":"::1","uri":"\/crm-final\/api\/auth\/login.php","method":"POST"}
{"timestamp":"2026-02-09 09:03:29","level":"WARNING","message":"Failed login attempt","context":{"email":"pandashift@gmail.com","ip":"::1"},"ip":"::1","uri":"\/crm-final\/api\/auth\/login.php","method":"POST"}
{"timestamp":"2026-02-09 09:03:29","level":"ERROR","message":"Invalid credentials","context":{"code":401,"errors":null,"uri":"\/crm-final\/api\/auth\/login.php"},"ip":"::1","uri":"\/crm-final\/api\/auth\/login.php","method":"POST"}
{"timestamp":"2026-02-09 09:05:46","level":"INFO","message":"User logged in","context":{"user_id":73,"email":"pandashift@gmail.com","ip":"::1"},"ip":"::1","uri":"\/crm-final\/api\/auth\/login.php","method":"POST"}
{"timestamp":"2026-02-09 09:07:16","level":"INFO","message":"User logged in","context":{"user_id":76,"email":"pandatest@gmail.com","ip":"::1"},"ip":"::1","uri":"\/crm-final\/api\/auth\/login.php","method":"POST"}
{"timestamp":"2026-02-09 10:59:55","level":"INFO","message":"User logged in","context":{"user_id":69,"email":"panda@gmail.com","ip":"::1"},"ip":"::1","uri":"\/crm-final\/api\/auth\/login.php","method":"POST"}
{"timestamp":"2026-02-09 11:44:52","level":"INFO","message":"User logged in","context":{"user_id":69,"email":"panda@gmail.com","ip":"::1"},"ip":"::1","uri":"\/crm-final\/api\/auth\/login.php","method":"POST"}
